DEBUG:google.auth._default:Checking D:\google cloud stuff\jarvis-jenhvc-cdecde3fb66c.json for explicit credentials as part of auth process...
DEBUG:google.auth._default:Checking D:\google cloud stuff\jarvis-jenhvc-cdecde3fb66c.json for explicit credentials as part of auth process...
DEBUG:root:Name: ar-XA-Wavenet-A
DEBUG:root:Language(s): ['ar-XA']
DEBUG:root:Gender: FEMALE
DEBUG:root:Rate: 24000
DEBUG:root:
DEBUG:root:Name: ar-XA-Wavenet-B
DEBUG:root:Language(s): ['ar-XA']
DEBUG:root:Gender: MALE
DEBUG:root:Rate: 24000
DEBUG:root:
DEBUG:root:Name: ar-XA-Wavenet-C
DEBUG:root:Language(s): ['ar-XA']
DEBUG:root:Gender: MALE
DEBUG:root:Rate: 24000
DEBUG:root:
DEBUG:root:Name: ar-XA-Wavenet-D
DEBUG:root:Language(s): ['ar-XA']
DEBUG:root:Gender: FEMALE
DEBUG:root:Rate: 24000
DEBUG:root:
DEBUG:root:Name: bn-IN-Wavenet-A
DEBUG:root:Language(s): ['bn-IN']
DEBUG:root:Gender: FEMALE
DEBUG:root:Rate: 24000
DEBUG:root:
DEBUG:root:Name: bn-IN-Wavenet-B
DEBUG:root:Language(s): ['bn-IN']
DEBUG:root:Gender: MALE
DEBUG:root:Rate: 24000
DEBUG:root:
DEBUG:root:Name: cmn-CN-Wavenet-A
DEBUG:root:Language(s): ['cmn-CN']
DEBUG:root:Gender: FEMALE
DEBUG:root:Rate: 24000
DEBUG:root:
DEBUG:root:Name: cmn-CN-Wavenet-B
DEBUG:root:Language(s): ['cmn-CN']
DEBUG:root:Gender: MALE
DEBUG:root:Rate: 24000
DEBUG:root:
DEBUG:root:Name: cmn-CN-Wavenet-C
DEBUG:root:Language(s): ['cmn-CN']
DEBUG:root:Gender: MALE
DEBUG:root:Rate: 24000
DEBUG:root:
DEBUG:root:Name: cmn-CN-Wavenet-D
DEBUG:root:Language(s): ['cmn-CN']
DEBUG:root:Gender: FEMALE
DEBUG:root:Rate: 24000
DEBUG:root:
DEBUG:root:Name: cmn-TW-Wavenet-A
DEBUG:root:Language(s): ['cmn-TW']
DEBUG:root:Gender: FEMALE
DEBUG:root:Rate: 24000
DEBUG:root:
DEBUG:root:Name: cmn-TW-Wavenet-B
DEBUG:root:Language(s): ['cmn-TW']
DEBUG:root:Gender: MALE
DEBUG:root:Rate: 24000
DEBUG:root:
DEBUG:root:Name: cmn-TW-Wavenet-C
DEBUG:root:Language(s): ['cmn-TW']
DEBUG:root:Gender: MALE
DEBUG:root:Rate: 24000
DEBUG:root:
DEBUG:root:Name: cs-CZ-Wavenet-A
DEBUG:root:Language(s): ['cs-CZ']
DEBUG:root:Gender: FEMALE
DEBUG:root:Rate: 24000
DEBUG:root:
DEBUG:root:Name: da-DK-Wavenet-C
DEBUG:root:Language(s): ['da-DK']
DEBUG:root:Gender: MALE
DEBUG:root:Rate: 24000
DEBUG:root:
DEBUG:root:Name: da-DK-Wavenet-D
DEBUG:root:Language(s): ['da-DK']
DEBUG:root:Gender: FEMALE
DEBUG:root:Rate: 24000
DEBUG:root:
DEBUG:root:Name: da-DK-Wavenet-E
DEBUG:root:Language(s): ['da-DK']
DEBUG:root:Gender: FEMALE
DEBUG:root:Rate: 24000
DEBUG:root:
DEBUG:root:Name: da-DK-Wavenet-A
DEBUG:root:Language(s): ['da-DK']
DEBUG:root:Gender: FEMALE
DEBUG:root:Rate: 24000
DEBUG:root:
DEBUG:root:Name: de-DE-Wavenet-F
DEBUG:root:Language(s): ['de-DE']
DEBUG:root:Gender: FEMALE
DEBUG:root:Rate: 24000
DEBUG:root:
DEBUG:root:Name: de-DE-Wavenet-A
DEBUG:root:Language(s): ['de-DE']
DEBUG:root:Gender: FEMALE
DEBUG:root:Rate: 24000
DEBUG:root:
DEBUG:root:Name: de-DE-Wavenet-B
DEBUG:root:Language(s): ['de-DE']
DEBUG:root:Gender: MALE
DEBUG:root:Rate: 24000
DEBUG:root:
DEBUG:root:Name: de-DE-Wavenet-C
DEBUG:root:Language(s): ['de-DE']
DEBUG:root:Gender: FEMALE
DEBUG:root:Rate: 24000
DEBUG:root:
DEBUG:root:Name: de-DE-Wavenet-D
DEBUG:root:Language(s): ['de-DE']
DEBUG:root:Gender: MALE
DEBUG:root:Rate: 24000
DEBUG:root:
DEBUG:root:Name: de-DE-Wavenet-E
DEBUG:root:Language(s): ['de-DE']
DEBUG:root:Gender: MALE
DEBUG:root:Rate: 24000
DEBUG:root:
DEBUG:root:Name: el-GR-Wavenet-A
DEBUG:root:Language(s): ['el-GR']
DEBUG:root:Gender: FEMALE
DEBUG:root:Rate: 24000
DEBUG:root:
DEBUG:root:Name: en-AU-News-E
DEBUG:root:Language(s): ['en-AU']
DEBUG:root:Gender: FEMALE
DEBUG:root:Rate: 24000
DEBUG:root:
DEBUG:root:Name: en-AU-News-F
DEBUG:root:Language(s): ['en-AU']
DEBUG:root:Gender: FEMALE
DEBUG:root:Rate: 24000
DEBUG:root:
DEBUG:root:Name: en-AU-News-G
DEBUG:root:Language(s): ['en-AU']
DEBUG:root:Gender: MALE
DEBUG:root:Rate: 24000
DEBUG:root:
DEBUG:root:Name: en-AU-Wavenet-A
DEBUG:root:Language(s): ['en-AU']
DEBUG:root:Gender: FEMALE
DEBUG:root:Rate: 24000
DEBUG:root:
DEBUG:root:Name: en-AU-Wavenet-B
DEBUG:root:Language(s): ['en-AU']
DEBUG:root:Gender: MALE
DEBUG:root:Rate: 24000
DEBUG:root:
DEBUG:root:Name: en-AU-Wavenet-C
DEBUG:root:Language(s): ['en-AU']
DEBUG:root:Gender: FEMALE
DEBUG:root:Rate: 24000
DEBUG:root:
DEBUG:root:Name: en-AU-Wavenet-D
DEBUG:root:Language(s): ['en-AU']
DEBUG:root:Gender: MALE
DEBUG:root:Rate: 24000
DEBUG:root:
DEBUG:root:Name: en-GB-News-G
DEBUG:root:Language(s): ['en-GB']
DEBUG:root:Gender: FEMALE
DEBUG:root:Rate: 24000
DEBUG:root:
DEBUG:root:Name: en-GB-News-H
DEBUG:root:Language(s): ['en-GB']
DEBUG:root:Gender: FEMALE
DEBUG:root:Rate: 24000
DEBUG:root:
DEBUG:root:Name: en-GB-News-I
DEBUG:root:Language(s): ['en-GB']
DEBUG:root:Gender: FEMALE
DEBUG:root:Rate: 24000
DEBUG:root:
DEBUG:root:Name: en-GB-News-J
DEBUG:root:Language(s): ['en-GB']
DEBUG:root:Gender: MALE
DEBUG:root:Rate: 24000
DEBUG:root:
DEBUG:root:Name: en-GB-News-K
DEBUG:root:Language(s): ['en-GB']
DEBUG:root:Gender: MALE
DEBUG:root:Rate: 24000
DEBUG:root:
DEBUG:root:Name: en-GB-News-L
DEBUG:root:Language(s): ['en-GB']
DEBUG:root:Gender: MALE
DEBUG:root:Rate: 24000
DEBUG:root:
DEBUG:root:Name: en-GB-News-M
DEBUG:root:Language(s): ['en-GB']
DEBUG:root:Gender: MALE
DEBUG:root:Rate: 24000
DEBUG:root:
DEBUG:root:Name: en-GB-Wavenet-A
DEBUG:root:Language(s): ['en-GB']
DEBUG:root:Gender: FEMALE
DEBUG:root:Rate: 24000
DEBUG:root:
DEBUG:root:Name: en-GB-Wavenet-B
DEBUG:root:Language(s): ['en-GB']
DEBUG:root:Gender: MALE
DEBUG:root:Rate: 24000
DEBUG:root:
DEBUG:root:Name: en-GB-Wavenet-C
DEBUG:root:Language(s): ['en-GB']
DEBUG:root:Gender: FEMALE
DEBUG:root:Rate: 24000
DEBUG:root:
DEBUG:root:Name: en-GB-Wavenet-D
DEBUG:root:Language(s): ['en-GB']
DEBUG:root:Gender: MALE
DEBUG:root:Rate: 24000
DEBUG:root:
DEBUG:root:Name: en-GB-Wavenet-F
DEBUG:root:Language(s): ['en-GB']
DEBUG:root:Gender: FEMALE
DEBUG:root:Rate: 24000
DEBUG:root:
DEBUG:root:Name: en-IN-Wavenet-D
DEBUG:root:Language(s): ['en-IN']
DEBUG:root:Gender: FEMALE
DEBUG:root:Rate: 24000
DEBUG:root:
DEBUG:root:Name: en-IN-Wavenet-A
DEBUG:root:Language(s): ['en-IN']
DEBUG:root:Gender: FEMALE
DEBUG:root:Rate: 24000
DEBUG:root:
DEBUG:root:Name: en-IN-Wavenet-B
DEBUG:root:Language(s): ['en-IN']
DEBUG:root:Gender: MALE
DEBUG:root:Rate: 24000
DEBUG:root:
DEBUG:root:Name: en-IN-Wavenet-C
DEBUG:root:Language(s): ['en-IN']
DEBUG:root:Gender: MALE
DEBUG:root:Rate: 24000
DEBUG:root:
DEBUG:root:Name: en-US-News-K
DEBUG:root:Language(s): ['en-US']
DEBUG:root:Gender: FEMALE
DEBUG:root:Rate: 24000
DEBUG:root:
DEBUG:root:Name: en-US-News-L
DEBUG:root:Language(s): ['en-US']
DEBUG:root:Gender: FEMALE
DEBUG:root:Rate: 24000
DEBUG:root:
DEBUG:root:Name: en-US-News-M
DEBUG:root:Language(s): ['en-US']
DEBUG:root:Gender: MALE
DEBUG:root:Rate: 24000
DEBUG:root:
DEBUG:root:Name: en-US-News-N
DEBUG:root:Language(s): ['en-US']
DEBUG:root:Gender: MALE
DEBUG:root:Rate: 24000
DEBUG:root:
DEBUG:root:Name: en-US-Wavenet-G
DEBUG:root:Language(s): ['en-US']
DEBUG:root:Gender: FEMALE
DEBUG:root:Rate: 24000
DEBUG:root:
DEBUG:root:Name: en-US-Wavenet-H
DEBUG:root:Language(s): ['en-US']
DEBUG:root:Gender: FEMALE
DEBUG:root:Rate: 24000
DEBUG:root:
DEBUG:root:Name: en-US-Wavenet-I
DEBUG:root:Language(s): ['en-US']
DEBUG:root:Gender: MALE
DEBUG:root:Rate: 24000
DEBUG:root:
DEBUG:root:Name: en-US-Wavenet-J
DEBUG:root:Language(s): ['en-US']
DEBUG:root:Gender: MALE
DEBUG:root:Rate: 24000
DEBUG:root:
DEBUG:root:Name: en-US-Wavenet-A
DEBUG:root:Language(s): ['en-US']
DEBUG:root:Gender: MALE
DEBUG:root:Rate: 24000
DEBUG:root:
DEBUG:root:Name: en-US-Wavenet-B
DEBUG:root:Language(s): ['en-US']
DEBUG:root:Gender: MALE
DEBUG:root:Rate: 24000
DEBUG:root:
DEBUG:root:Name: en-US-Wavenet-C
DEBUG:root:Language(s): ['en-US']
DEBUG:root:Gender: FEMALE
DEBUG:root:Rate: 24000
DEBUG:root:
DEBUG:root:Name: en-US-Wavenet-D
DEBUG:root:Language(s): ['en-US']
DEBUG:root:Gender: MALE
DEBUG:root:Rate: 24000
DEBUG:root:
DEBUG:root:Name: en-US-Wavenet-E
DEBUG:root:Language(s): ['en-US']
DEBUG:root:Gender: FEMALE
DEBUG:root:Rate: 24000
DEBUG:root:
DEBUG:root:Name: en-US-Wavenet-F
DEBUG:root:Language(s): ['en-US']
DEBUG:root:Gender: FEMALE
DEBUG:root:Rate: 24000
DEBUG:root:
DEBUG:root:Name: es-ES-Wavenet-C
DEBUG:root:Language(s): ['es-ES']
DEBUG:root:Gender: FEMALE
DEBUG:root:Rate: 24000
DEBUG:root:
DEBUG:root:Name: es-ES-Wavenet-D
DEBUG:root:Language(s): ['es-ES']
DEBUG:root:Gender: FEMALE
DEBUG:root:Rate: 24000
DEBUG:root:
DEBUG:root:Name: es-ES-Wavenet-B
DEBUG:root:Language(s): ['es-ES']
DEBUG:root:Gender: MALE
DEBUG:root:Rate: 24000
DEBUG:root:
DEBUG:root:Name: es-US-Wavenet-A
DEBUG:root:Language(s): ['es-US']
DEBUG:root:Gender: FEMALE
DEBUG:root:Rate: 24000
DEBUG:root:
DEBUG:root:Name: es-US-Wavenet-B
DEBUG:root:Language(s): ['es-US']
DEBUG:root:Gender: MALE
DEBUG:root:Rate: 24000
DEBUG:root:
DEBUG:root:Name: es-US-Wavenet-C
DEBUG:root:Language(s): ['es-US']
DEBUG:root:Gender: MALE
DEBUG:root:Rate: 24000
DEBUG:root:
DEBUG:root:Name: es-US-News-G
DEBUG:root:Language(s): ['es-US']
DEBUG:root:Gender: FEMALE
DEBUG:root:Rate: 24000
DEBUG:root:
DEBUG:root:Name: es-US-News-F
DEBUG:root:Language(s): ['es-US']
DEBUG:root:Gender: FEMALE
DEBUG:root:Rate: 24000
DEBUG:root:
DEBUG:root:Name: es-US-News-E
DEBUG:root:Language(s): ['es-US']
DEBUG:root:Gender: MALE
DEBUG:root:Rate: 24000
DEBUG:root:
DEBUG:root:Name: es-US-News-D
DEBUG:root:Language(s): ['es-US']
DEBUG:root:Gender: MALE
DEBUG:root:Rate: 24000
DEBUG:root:
DEBUG:root:Name: fi-FI-Wavenet-A
DEBUG:root:Language(s): ['fi-FI']
DEBUG:root:Gender: FEMALE
DEBUG:root:Rate: 24000
DEBUG:root:
DEBUG:root:Name: fil-PH-Wavenet-A
DEBUG:root:Language(s): ['fil-PH']
DEBUG:root:Gender: FEMALE
DEBUG:root:Rate: 24000
DEBUG:root:
DEBUG:root:Name: fil-PH-Wavenet-B
DEBUG:root:Language(s): ['fil-PH']
DEBUG:root:Gender: FEMALE
DEBUG:root:Rate: 24000
DEBUG:root:
DEBUG:root:Name: fil-PH-Wavenet-C
DEBUG:root:Language(s): ['fil-PH']
DEBUG:root:Gender: MALE
DEBUG:root:Rate: 24000
DEBUG:root:
DEBUG:root:Name: fil-PH-Wavenet-D
DEBUG:root:Language(s): ['fil-PH']
DEBUG:root:Gender: MALE
DEBUG:root:Rate: 24000
DEBUG:root:
DEBUG:root:Name: fr-CA-Wavenet-A
DEBUG:root:Language(s): ['fr-CA']
DEBUG:root:Gender: FEMALE
DEBUG:root:Rate: 24000
DEBUG:root:
DEBUG:root:Name: fr-CA-Wavenet-B
DEBUG:root:Language(s): ['fr-CA']
DEBUG:root:Gender: MALE
DEBUG:root:Rate: 24000
DEBUG:root:
DEBUG:root:Name: fr-CA-Wavenet-C
DEBUG:root:Language(s): ['fr-CA']
DEBUG:root:Gender: FEMALE
DEBUG:root:Rate: 24000
DEBUG:root:
DEBUG:root:Name: fr-CA-Wavenet-D
DEBUG:root:Language(s): ['fr-CA']
DEBUG:root:Gender: MALE
DEBUG:root:Rate: 24000
DEBUG:root:
DEBUG:root:Name: fr-FR-Wavenet-E
DEBUG:root:Language(s): ['fr-FR']
DEBUG:root:Gender: FEMALE
DEBUG:root:Rate: 24000
DEBUG:root:
DEBUG:root:Name: fr-FR-Wavenet-A
DEBUG:root:Language(s): ['fr-FR']
DEBUG:root:Gender: FEMALE
DEBUG:root:Rate: 24000
DEBUG:root:
DEBUG:root:Name: fr-FR-Wavenet-B
DEBUG:root:Language(s): ['fr-FR']
DEBUG:root:Gender: MALE
DEBUG:root:Rate: 24000
DEBUG:root:
DEBUG:root:Name: fr-FR-Wavenet-C
DEBUG:root:Language(s): ['fr-FR']
DEBUG:root:Gender: FEMALE
DEBUG:root:Rate: 24000
DEBUG:root:
DEBUG:root:Name: fr-FR-Wavenet-D
DEBUG:root:Language(s): ['fr-FR']
DEBUG:root:Gender: MALE
DEBUG:root:Rate: 24000
DEBUG:root:
DEBUG:root:Name: gu-IN-Wavenet-A
DEBUG:root:Language(s): ['gu-IN']
DEBUG:root:Gender: FEMALE
DEBUG:root:Rate: 24000
DEBUG:root:
DEBUG:root:Name: gu-IN-Wavenet-B
DEBUG:root:Language(s): ['gu-IN']
DEBUG:root:Gender: MALE
DEBUG:root:Rate: 24000
DEBUG:root:
DEBUG:root:Name: he-IL-Wavenet-D
DEBUG:root:Language(s): ['he-IL']
DEBUG:root:Gender: MALE
DEBUG:root:Rate: 24000
DEBUG:root:
DEBUG:root:Name: he-IL-Wavenet-A
DEBUG:root:Language(s): ['he-IL']
DEBUG:root:Gender: FEMALE
DEBUG:root:Rate: 24000
DEBUG:root:
DEBUG:root:Name: he-IL-Wavenet-B
DEBUG:root:Language(s): ['he-IL']
DEBUG:root:Gender: MALE
DEBUG:root:Rate: 24000
DEBUG:root:
DEBUG:root:Name: he-IL-Wavenet-C
DEBUG:root:Language(s): ['he-IL']
DEBUG:root:Gender: FEMALE
DEBUG:root:Rate: 24000
DEBUG:root:
DEBUG:root:Name: hi-IN-Wavenet-D
DEBUG:root:Language(s): ['hi-IN']
DEBUG:root:Gender: FEMALE
DEBUG:root:Rate: 24000
DEBUG:root:
DEBUG:root:Name: hi-IN-Wavenet-A
DEBUG:root:Language(s): ['hi-IN']
DEBUG:root:Gender: FEMALE
DEBUG:root:Rate: 24000
DEBUG:root:
DEBUG:root:Name: hi-IN-Wavenet-B
DEBUG:root:Language(s): ['hi-IN']
DEBUG:root:Gender: MALE
DEBUG:root:Rate: 24000
DEBUG:root:
DEBUG:root:Name: hi-IN-Wavenet-C
DEBUG:root:Language(s): ['hi-IN']
DEBUG:root:Gender: MALE
DEBUG:root:Rate: 24000
DEBUG:root:
DEBUG:root:Name: hu-HU-Wavenet-A
DEBUG:root:Language(s): ['hu-HU']
DEBUG:root:Gender: FEMALE
DEBUG:root:Rate: 24000
DEBUG:root:
DEBUG:root:Name: id-ID-Wavenet-D
DEBUG:root:Language(s): ['id-ID']
DEBUG:root:Gender: FEMALE
DEBUG:root:Rate: 24000
DEBUG:root:
DEBUG:root:Name: id-ID-Wavenet-A
DEBUG:root:Language(s): ['id-ID']
DEBUG:root:Gender: FEMALE
DEBUG:root:Rate: 24000
DEBUG:root:
DEBUG:root:Name: id-ID-Wavenet-B
DEBUG:root:Language(s): ['id-ID']
DEBUG:root:Gender: MALE
DEBUG:root:Rate: 24000
DEBUG:root:
DEBUG:root:Name: id-ID-Wavenet-C
DEBUG:root:Language(s): ['id-ID']
DEBUG:root:Gender: MALE
DEBUG:root:Rate: 24000
DEBUG:root:
DEBUG:root:Name: it-IT-Wavenet-A
DEBUG:root:Language(s): ['it-IT']
DEBUG:root:Gender: FEMALE
DEBUG:root:Rate: 24000
DEBUG:root:
DEBUG:root:Name: it-IT-Wavenet-B
DEBUG:root:Language(s): ['it-IT']
DEBUG:root:Gender: FEMALE
DEBUG:root:Rate: 24000
DEBUG:root:
DEBUG:root:Name: it-IT-Wavenet-C
DEBUG:root:Language(s): ['it-IT']
DEBUG:root:Gender: MALE
DEBUG:root:Rate: 24000
DEBUG:root:
DEBUG:root:Name: it-IT-Wavenet-D
DEBUG:root:Language(s): ['it-IT']
DEBUG:root:Gender: MALE
DEBUG:root:Rate: 24000
DEBUG:root:
DEBUG:root:Name: ja-JP-Wavenet-B
DEBUG:root:Language(s): ['ja-JP']
DEBUG:root:Gender: FEMALE
DEBUG:root:Rate: 24000
DEBUG:root:
DEBUG:root:Name: ja-JP-Wavenet-C
DEBUG:root:Language(s): ['ja-JP']
DEBUG:root:Gender: MALE
DEBUG:root:Rate: 24000
DEBUG:root:
DEBUG:root:Name: ja-JP-Wavenet-D
DEBUG:root:Language(s): ['ja-JP']
DEBUG:root:Gender: MALE
DEBUG:root:Rate: 24000
DEBUG:root:
DEBUG:root:Name: ja-JP-Wavenet-A
DEBUG:root:Language(s): ['ja-JP']
DEBUG:root:Gender: FEMALE
DEBUG:root:Rate: 24000
DEBUG:root:
DEBUG:root:Name: kn-IN-Wavenet-A
DEBUG:root:Language(s): ['kn-IN']
DEBUG:root:Gender: FEMALE
DEBUG:root:Rate: 24000
DEBUG:root:
DEBUG:root:Name: kn-IN-Wavenet-B
DEBUG:root:Language(s): ['kn-IN']
DEBUG:root:Gender: MALE
DEBUG:root:Rate: 24000
DEBUG:root:
DEBUG:root:Name: ko-KR-Wavenet-A
DEBUG:root:Language(s): ['ko-KR']
DEBUG:root:Gender: FEMALE
DEBUG:root:Rate: 24000
DEBUG:root:
DEBUG:root:Name: ko-KR-Wavenet-B
DEBUG:root:Language(s): ['ko-KR']
DEBUG:root:Gender: FEMALE
DEBUG:root:Rate: 24000
DEBUG:root:
DEBUG:root:Name: ko-KR-Wavenet-C
DEBUG:root:Language(s): ['ko-KR']
DEBUG:root:Gender: MALE
DEBUG:root:Rate: 24000
DEBUG:root:
DEBUG:root:Name: ko-KR-Wavenet-D
DEBUG:root:Language(s): ['ko-KR']
DEBUG:root:Gender: MALE
DEBUG:root:Rate: 24000
DEBUG:root:
DEBUG:root:Name: ml-IN-Wavenet-A
DEBUG:root:Language(s): ['ml-IN']
DEBUG:root:Gender: FEMALE
DEBUG:root:Rate: 24000
DEBUG:root:
DEBUG:root:Name: ml-IN-Wavenet-B
DEBUG:root:Language(s): ['ml-IN']
DEBUG:root:Gender: MALE
DEBUG:root:Rate: 24000
DEBUG:root:
DEBUG:root:Name: ml-IN-Wavenet-C
DEBUG:root:Language(s): ['ml-IN']
DEBUG:root:Gender: FEMALE
DEBUG:root:Rate: 24000
DEBUG:root:
DEBUG:root:Name: ml-IN-Wavenet-D
DEBUG:root:Language(s): ['ml-IN']
DEBUG:root:Gender: MALE
DEBUG:root:Rate: 24000
DEBUG:root:
DEBUG:root:Name: mr-IN-Wavenet-A
DEBUG:root:Language(s): ['mr-IN']
DEBUG:root:Gender: FEMALE
DEBUG:root:Rate: 24000
DEBUG:root:
DEBUG:root:Name: mr-IN-Wavenet-B
DEBUG:root:Language(s): ['mr-IN']
DEBUG:root:Gender: MALE
DEBUG:root:Rate: 24000
DEBUG:root:
DEBUG:root:Name: mr-IN-Wavenet-C
DEBUG:root:Language(s): ['mr-IN']
DEBUG:root:Gender: FEMALE
DEBUG:root:Rate: 24000
DEBUG:root:
DEBUG:root:Name: ms-MY-Wavenet-A
DEBUG:root:Language(s): ['ms-MY']
DEBUG:root:Gender: FEMALE
DEBUG:root:Rate: 24000
DEBUG:root:
DEBUG:root:Name: ms-MY-Wavenet-B
DEBUG:root:Language(s): ['ms-MY']
DEBUG:root:Gender: MALE
DEBUG:root:Rate: 24000
DEBUG:root:
DEBUG:root:Name: ms-MY-Wavenet-C
DEBUG:root:Language(s): ['ms-MY']
DEBUG:root:Gender: FEMALE
DEBUG:root:Rate: 24000
DEBUG:root:
DEBUG:root:Name: ms-MY-Wavenet-D
DEBUG:root:Language(s): ['ms-MY']
DEBUG:root:Gender: MALE
DEBUG:root:Rate: 24000
DEBUG:root:
DEBUG:root:Name: nb-NO-Wavenet-A
DEBUG:root:Language(s): ['nb-NO']
DEBUG:root:Gender: FEMALE
DEBUG:root:Rate: 24000
DEBUG:root:
DEBUG:root:Name: nb-NO-Wavenet-B
DEBUG:root:Language(s): ['nb-NO']
DEBUG:root:Gender: MALE
DEBUG:root:Rate: 24000
DEBUG:root:
DEBUG:root:Name: nb-NO-Wavenet-C
DEBUG:root:Language(s): ['nb-NO']
DEBUG:root:Gender: FEMALE
DEBUG:root:Rate: 24000
DEBUG:root:
DEBUG:root:Name: nb-NO-Wavenet-D
DEBUG:root:Language(s): ['nb-NO']
DEBUG:root:Gender: MALE
DEBUG:root:Rate: 24000
DEBUG:root:
DEBUG:root:Name: nb-NO-Wavenet-E
DEBUG:root:Language(s): ['nb-NO']
DEBUG:root:Gender: FEMALE
DEBUG:root:Rate: 24000
DEBUG:root:
DEBUG:root:Name: nl-BE-Wavenet-A
DEBUG:root:Language(s): ['nl-BE']
DEBUG:root:Gender: FEMALE
DEBUG:root:Rate: 24000
DEBUG:root:
DEBUG:root:Name: nl-BE-Wavenet-B
DEBUG:root:Language(s): ['nl-BE']
DEBUG:root:Gender: MALE
DEBUG:root:Rate: 24000
DEBUG:root:
DEBUG:root:Name: nl-NL-Wavenet-B
DEBUG:root:Language(s): ['nl-NL']
DEBUG:root:Gender: MALE
DEBUG:root:Rate: 24000
DEBUG:root:
DEBUG:root:Name: nl-NL-Wavenet-C
DEBUG:root:Language(s): ['nl-NL']
DEBUG:root:Gender: MALE
DEBUG:root:Rate: 24000
DEBUG:root:
DEBUG:root:Name: nl-NL-Wavenet-D
DEBUG:root:Language(s): ['nl-NL']
DEBUG:root:Gender: FEMALE
DEBUG:root:Rate: 24000
DEBUG:root:
DEBUG:root:Name: nl-NL-Wavenet-A
DEBUG:root:Language(s): ['nl-NL']
DEBUG:root:Gender: FEMALE
DEBUG:root:Rate: 24000
DEBUG:root:
DEBUG:root:Name: nl-NL-Wavenet-E
DEBUG:root:Language(s): ['nl-NL']
DEBUG:root:Gender: FEMALE
DEBUG:root:Rate: 24000
DEBUG:root:
DEBUG:root:Name: pa-IN-Wavenet-A
DEBUG:root:Language(s): ['pa-IN']
DEBUG:root:Gender: FEMALE
DEBUG:root:Rate: 24000
DEBUG:root:
DEBUG:root:Name: pa-IN-Wavenet-B
DEBUG:root:Language(s): ['pa-IN']
DEBUG:root:Gender: MALE
DEBUG:root:Rate: 24000
DEBUG:root:
DEBUG:root:Name: pa-IN-Wavenet-C
DEBUG:root:Language(s): ['pa-IN']
DEBUG:root:Gender: FEMALE
DEBUG:root:Rate: 24000
DEBUG:root:
DEBUG:root:Name: pa-IN-Wavenet-D
DEBUG:root:Language(s): ['pa-IN']
DEBUG:root:Gender: MALE
DEBUG:root:Rate: 24000
DEBUG:root:
DEBUG:root:Name: pl-PL-Wavenet-A
DEBUG:root:Language(s): ['pl-PL']
DEBUG:root:Gender: FEMALE
DEBUG:root:Rate: 24000
DEBUG:root:
DEBUG:root:Name: pl-PL-Wavenet-B
DEBUG:root:Language(s): ['pl-PL']
DEBUG:root:Gender: MALE
DEBUG:root:Rate: 24000
DEBUG:root:
DEBUG:root:Name: pl-PL-Wavenet-C
DEBUG:root:Language(s): ['pl-PL']
DEBUG:root:Gender: MALE
DEBUG:root:Rate: 24000
DEBUG:root:
DEBUG:root:Name: pl-PL-Wavenet-E
DEBUG:root:Language(s): ['pl-PL']
DEBUG:root:Gender: FEMALE
DEBUG:root:Rate: 24000
DEBUG:root:
DEBUG:root:Name: pl-PL-Wavenet-D
DEBUG:root:Language(s): ['pl-PL']
DEBUG:root:Gender: FEMALE
DEBUG:root:Rate: 24000
DEBUG:root:
DEBUG:root:Name: pt-BR-Wavenet-A
DEBUG:root:Language(s): ['pt-BR']
DEBUG:root:Gender: FEMALE
DEBUG:root:Rate: 24000
DEBUG:root:
DEBUG:root:Name: pt-BR-Wavenet-B
DEBUG:root:Language(s): ['pt-BR']
DEBUG:root:Gender: MALE
DEBUG:root:Rate: 24000
DEBUG:root:
DEBUG:root:Name: pt-BR-Wavenet-C
DEBUG:root:Language(s): ['pt-BR']
DEBUG:root:Gender: FEMALE
DEBUG:root:Rate: 24000
DEBUG:root:
DEBUG:root:Name: pt-PT-Wavenet-A
DEBUG:root:Language(s): ['pt-PT']
DEBUG:root:Gender: FEMALE
DEBUG:root:Rate: 24000
DEBUG:root:
DEBUG:root:Name: pt-PT-Wavenet-B
DEBUG:root:Language(s): ['pt-PT']
DEBUG:root:Gender: MALE
DEBUG:root:Rate: 24000
DEBUG:root:
DEBUG:root:Name: pt-PT-Wavenet-C
DEBUG:root:Language(s): ['pt-PT']
DEBUG:root:Gender: MALE
DEBUG:root:Rate: 24000
DEBUG:root:
DEBUG:root:Name: pt-PT-Wavenet-D
DEBUG:root:Language(s): ['pt-PT']
DEBUG:root:Gender: FEMALE
DEBUG:root:Rate: 24000
DEBUG:root:
DEBUG:root:Name: ro-RO-Wavenet-A
DEBUG:root:Language(s): ['ro-RO']
DEBUG:root:Gender: FEMALE
DEBUG:root:Rate: 24000
DEBUG:root:
DEBUG:root:Name: ru-RU-Wavenet-E
DEBUG:root:Language(s): ['ru-RU']
DEBUG:root:Gender: FEMALE
DEBUG:root:Rate: 24000
DEBUG:root:
DEBUG:root:Name: ru-RU-Wavenet-A
DEBUG:root:Language(s): ['ru-RU']
DEBUG:root:Gender: FEMALE
DEBUG:root:Rate: 24000
DEBUG:root:
DEBUG:root:Name: ru-RU-Wavenet-B
DEBUG:root:Language(s): ['ru-RU']
DEBUG:root:Gender: MALE
DEBUG:root:Rate: 24000
DEBUG:root:
DEBUG:root:Name: ru-RU-Wavenet-C
DEBUG:root:Language(s): ['ru-RU']
DEBUG:root:Gender: FEMALE
DEBUG:root:Rate: 24000
DEBUG:root:
DEBUG:root:Name: ru-RU-Wavenet-D
DEBUG:root:Language(s): ['ru-RU']
DEBUG:root:Gender: MALE
DEBUG:root:Rate: 24000
DEBUG:root:
DEBUG:root:Name: sk-SK-Wavenet-A
DEBUG:root:Language(s): ['sk-SK']
DEBUG:root:Gender: FEMALE
DEBUG:root:Rate: 24000
DEBUG:root:
DEBUG:root:Name: sv-SE-Wavenet-B
DEBUG:root:Language(s): ['sv-SE']
DEBUG:root:Gender: FEMALE
DEBUG:root:Rate: 24000
DEBUG:root:
DEBUG:root:Name: sv-SE-Wavenet-D
DEBUG:root:Language(s): ['sv-SE']
DEBUG:root:Gender: FEMALE
DEBUG:root:Rate: 24000
DEBUG:root:
DEBUG:root:Name: sv-SE-Wavenet-C
DEBUG:root:Language(s): ['sv-SE']
DEBUG:root:Gender: MALE
DEBUG:root:Rate: 24000
DEBUG:root:
DEBUG:root:Name: sv-SE-Wavenet-E
DEBUG:root:Language(s): ['sv-SE']
DEBUG:root:Gender: MALE
DEBUG:root:Rate: 24000
DEBUG:root:
DEBUG:root:Name: sv-SE-Wavenet-A
DEBUG:root:Language(s): ['sv-SE']
DEBUG:root:Gender: FEMALE
DEBUG:root:Rate: 24000
DEBUG:root:
DEBUG:root:Name: ta-IN-Wavenet-A
DEBUG:root:Language(s): ['ta-IN']
DEBUG:root:Gender: FEMALE
DEBUG:root:Rate: 24000
DEBUG:root:
DEBUG:root:Name: ta-IN-Wavenet-B
DEBUG:root:Language(s): ['ta-IN']
DEBUG:root:Gender: MALE
DEBUG:root:Rate: 24000
DEBUG:root:
DEBUG:root:Name: ta-IN-Wavenet-C
DEBUG:root:Language(s): ['ta-IN']
DEBUG:root:Gender: FEMALE
DEBUG:root:Rate: 24000
DEBUG:root:
DEBUG:root:Name: ta-IN-Wavenet-D
DEBUG:root:Language(s): ['ta-IN']
DEBUG:root:Gender: MALE
DEBUG:root:Rate: 24000
DEBUG:root:
DEBUG:root:Name: tr-TR-Wavenet-B
DEBUG:root:Language(s): ['tr-TR']
DEBUG:root:Gender: MALE
DEBUG:root:Rate: 24000
DEBUG:root:
DEBUG:root:Name: tr-TR-Wavenet-C
DEBUG:root:Language(s): ['tr-TR']
DEBUG:root:Gender: FEMALE
DEBUG:root:Rate: 24000
DEBUG:root:
DEBUG:root:Name: tr-TR-Wavenet-D
DEBUG:root:Language(s): ['tr-TR']
DEBUG:root:Gender: FEMALE
DEBUG:root:Rate: 24000
DEBUG:root:
DEBUG:root:Name: tr-TR-Wavenet-E
DEBUG:root:Language(s): ['tr-TR']
DEBUG:root:Gender: MALE
DEBUG:root:Rate: 24000
DEBUG:root:
DEBUG:root:Name: tr-TR-Wavenet-A
DEBUG:root:Language(s): ['tr-TR']
DEBUG:root:Gender: FEMALE
DEBUG:root:Rate: 24000
DEBUG:root:
DEBUG:root:Name: uk-UA-Wavenet-A
DEBUG:root:Language(s): ['uk-UA']
DEBUG:root:Gender: FEMALE
DEBUG:root:Rate: 24000
DEBUG:root:
DEBUG:root:Name: vi-VN-Wavenet-A
DEBUG:root:Language(s): ['vi-VN']
DEBUG:root:Gender: FEMALE
DEBUG:root:Rate: 24000
DEBUG:root:
DEBUG:root:Name: vi-VN-Wavenet-B
DEBUG:root:Language(s): ['vi-VN']
DEBUG:root:Gender: MALE
DEBUG:root:Rate: 24000
DEBUG:root:
DEBUG:root:Name: vi-VN-Wavenet-C
DEBUG:root:Language(s): ['vi-VN']
DEBUG:root:Gender: FEMALE
DEBUG:root:Rate: 24000
DEBUG:root:
DEBUG:root:Name: vi-VN-Wavenet-D
DEBUG:root:Language(s): ['vi-VN']
DEBUG:root:Gender: MALE
DEBUG:root:Rate: 24000
DEBUG:root:
DEBUG:root:Name: mr-IN-Standard-A
DEBUG:root:Language(s): ['mr-IN']
DEBUG:root:Gender: FEMALE
DEBUG:root:Rate: 24000
DEBUG:root:
DEBUG:root:Name: mr-IN-Standard-B
DEBUG:root:Language(s): ['mr-IN']
DEBUG:root:Gender: MALE
DEBUG:root:Rate: 24000
DEBUG:root:
DEBUG:root:Name: mr-IN-Standard-C
DEBUG:root:Language(s): ['mr-IN']
DEBUG:root:Gender: FEMALE
DEBUG:root:Rate: 24000
DEBUG:root:
DEBUG:root:Name: ta-IN-Standard-C
DEBUG:root:Language(s): ['ta-IN']
DEBUG:root:Gender: FEMALE
DEBUG:root:Rate: 24000
DEBUG:root:
DEBUG:root:Name: ta-IN-Standard-D
DEBUG:root:Language(s): ['ta-IN']
DEBUG:root:Gender: MALE
DEBUG:root:Rate: 24000
DEBUG:root:
DEBUG:root:Name: yue-HK-Standard-A
DEBUG:root:Language(s): ['yue-HK']
DEBUG:root:Gender: FEMALE
DEBUG:root:Rate: 24000
DEBUG:root:
DEBUG:root:Name: yue-HK-Standard-B
DEBUG:root:Language(s): ['yue-HK']
DEBUG:root:Gender: MALE
DEBUG:root:Rate: 24000
DEBUG:root:
DEBUG:root:Name: yue-HK-Standard-C
DEBUG:root:Language(s): ['yue-HK']
DEBUG:root:Gender: FEMALE
DEBUG:root:Rate: 24000
DEBUG:root:
DEBUG:root:Name: yue-HK-Standard-D
DEBUG:root:Language(s): ['yue-HK']
DEBUG:root:Gender: MALE
DEBUG:root:Rate: 24000
DEBUG:root:
DEBUG:root:Name: bn-IN-Standard-A
DEBUG:root:Language(s): ['bn-IN']
DEBUG:root:Gender: FEMALE
DEBUG:root:Rate: 24000
DEBUG:root:
DEBUG:root:Name: bn-IN-Standard-B
DEBUG:root:Language(s): ['bn-IN']
DEBUG:root:Gender: MALE
DEBUG:root:Rate: 24000
DEBUG:root:
DEBUG:root:Name: cmn-CN-Standard-C
DEBUG:root:Language(s): ['cmn-CN']
DEBUG:root:Gender: MALE
DEBUG:root:Rate: 24000
DEBUG:root:
DEBUG:root:Name: cmn-CN-Standard-B
DEBUG:root:Language(s): ['cmn-CN']
DEBUG:root:Gender: MALE
DEBUG:root:Rate: 24000
DEBUG:root:
DEBUG:root:Name: cmn-CN-Standard-A
DEBUG:root:Language(s): ['cmn-CN']
DEBUG:root:Gender: FEMALE
DEBUG:root:Rate: 24000
DEBUG:root:
DEBUG:root:Name: cmn-CN-Standard-D
DEBUG:root:Language(s): ['cmn-CN']
DEBUG:root:Gender: FEMALE
DEBUG:root:Rate: 24000
DEBUG:root:
DEBUG:root:Name: cmn-TW-Standard-A
DEBUG:root:Language(s): ['cmn-TW']
DEBUG:root:Gender: FEMALE
DEBUG:root:Rate: 24000
DEBUG:root:
DEBUG:root:Name: cmn-TW-Standard-B
DEBUG:root:Language(s): ['cmn-TW']
DEBUG:root:Gender: MALE
DEBUG:root:Rate: 24000
DEBUG:root:
DEBUG:root:Name: cmn-TW-Standard-C
DEBUG:root:Language(s): ['cmn-TW']
DEBUG:root:Gender: MALE
DEBUG:root:Rate: 24000
DEBUG:root:
DEBUG:root:Name: gu-IN-Standard-A
DEBUG:root:Language(s): ['gu-IN']
DEBUG:root:Gender: FEMALE
DEBUG:root:Rate: 24000
DEBUG:root:
DEBUG:root:Name: gu-IN-Standard-B
DEBUG:root:Language(s): ['gu-IN']
DEBUG:root:Gender: MALE
DEBUG:root:Rate: 24000
DEBUG:root:
DEBUG:root:Name: kn-IN-Standard-A
DEBUG:root:Language(s): ['kn-IN']
DEBUG:root:Gender: FEMALE
DEBUG:root:Rate: 24000
DEBUG:root:
DEBUG:root:Name: kn-IN-Standard-B
DEBUG:root:Language(s): ['kn-IN']
DEBUG:root:Gender: MALE
DEBUG:root:Rate: 24000
DEBUG:root:
DEBUG:root:Name: ml-IN-Standard-A
DEBUG:root:Language(s): ['ml-IN']
DEBUG:root:Gender: FEMALE
DEBUG:root:Rate: 24000
DEBUG:root:
DEBUG:root:Name: ml-IN-Standard-B
DEBUG:root:Language(s): ['ml-IN']
DEBUG:root:Gender: MALE
DEBUG:root:Rate: 24000
DEBUG:root:
DEBUG:root:Name: ta-IN-Standard-A
DEBUG:root:Language(s): ['ta-IN']
DEBUG:root:Gender: FEMALE
DEBUG:root:Rate: 24000
DEBUG:root:
DEBUG:root:Name: ta-IN-Standard-B
DEBUG:root:Language(s): ['ta-IN']
DEBUG:root:Gender: MALE
DEBUG:root:Rate: 24000
DEBUG:root:
DEBUG:root:Name: te-IN-Standard-A
DEBUG:root:Language(s): ['te-IN']
DEBUG:root:Gender: FEMALE
DEBUG:root:Rate: 24000
DEBUG:root:
DEBUG:root:Name: te-IN-Standard-B
DEBUG:root:Language(s): ['te-IN']
DEBUG:root:Gender: MALE
DEBUG:root:Rate: 24000
DEBUG:root:
DEBUG:root:Name: es-US-Standard-A
DEBUG:root:Language(s): ['es-US']
DEBUG:root:Gender: FEMALE
DEBUG:root:Rate: 24000
DEBUG:root:
DEBUG:root:Name: es-US-Standard-B
DEBUG:root:Language(s): ['es-US']
DEBUG:root:Gender: MALE
DEBUG:root:Rate: 24000
DEBUG:root:
DEBUG:root:Name: es-US-Standard-C
DEBUG:root:Language(s): ['es-US']
DEBUG:root:Gender: MALE
DEBUG:root:Rate: 24000
DEBUG:root:
DEBUG:root:Name: sv-SE-Standard-B
DEBUG:root:Language(s): ['sv-SE']
DEBUG:root:Gender: FEMALE
DEBUG:root:Rate: 24000
DEBUG:root:
DEBUG:root:Name: sv-SE-Standard-C
DEBUG:root:Language(s): ['sv-SE']
DEBUG:root:Gender: FEMALE
DEBUG:root:Rate: 24000
DEBUG:root:
DEBUG:root:Name: sv-SE-Standard-D
DEBUG:root:Language(s): ['sv-SE']
DEBUG:root:Gender: MALE
DEBUG:root:Rate: 24000
DEBUG:root:
DEBUG:root:Name: sv-SE-Standard-E
DEBUG:root:Language(s): ['sv-SE']
DEBUG:root:Gender: MALE
DEBUG:root:Rate: 24000
DEBUG:root:
DEBUG:root:Name: sv-SE-Standard-A
DEBUG:root:Language(s): ['sv-SE']
DEBUG:root:Gender: FEMALE
DEBUG:root:Rate: 24000
DEBUG:root:
DEBUG:root:Name: pa-IN-Standard-A
DEBUG:root:Language(s): ['pa-IN']
DEBUG:root:Gender: FEMALE
DEBUG:root:Rate: 24000
DEBUG:root:
DEBUG:root:Name: pa-IN-Standard-B
DEBUG:root:Language(s): ['pa-IN']
DEBUG:root:Gender: MALE
DEBUG:root:Rate: 24000
DEBUG:root:
DEBUG:root:Name: pa-IN-Standard-C
DEBUG:root:Language(s): ['pa-IN']
DEBUG:root:Gender: FEMALE
DEBUG:root:Rate: 24000
DEBUG:root:
DEBUG:root:Name: pa-IN-Standard-D
DEBUG:root:Language(s): ['pa-IN']
DEBUG:root:Gender: MALE
DEBUG:root:Rate: 24000
DEBUG:root:
DEBUG:root:Name: en-AU-Standard-A
DEBUG:root:Language(s): ['en-AU']
DEBUG:root:Gender: FEMALE
DEBUG:root:Rate: 24000
DEBUG:root:
DEBUG:root:Name: en-AU-Standard-B
DEBUG:root:Language(s): ['en-AU']
DEBUG:root:Gender: MALE
DEBUG:root:Rate: 24000
DEBUG:root:
DEBUG:root:Name: en-AU-Standard-C
DEBUG:root:Language(s): ['en-AU']
DEBUG:root:Gender: FEMALE
DEBUG:root:Rate: 24000
DEBUG:root:
DEBUG:root:Name: en-AU-Standard-D
DEBUG:root:Language(s): ['en-AU']
DEBUG:root:Gender: MALE
DEBUG:root:Rate: 24000
DEBUG:root:
DEBUG:root:Name: ja-JP-Standard-A
DEBUG:root:Language(s): ['ja-JP']
DEBUG:root:Gender: FEMALE
DEBUG:root:Rate: 24000
DEBUG:root:
DEBUG:root:Name: ja-JP-Standard-B
DEBUG:root:Language(s): ['ja-JP']
DEBUG:root:Gender: FEMALE
DEBUG:root:Rate: 24000
DEBUG:root:
DEBUG:root:Name: ja-JP-Standard-C
DEBUG:root:Language(s): ['ja-JP']
DEBUG:root:Gender: MALE
DEBUG:root:Rate: 24000
DEBUG:root:
DEBUG:root:Name: ja-JP-Standard-D
DEBUG:root:Language(s): ['ja-JP']
DEBUG:root:Gender: MALE
DEBUG:root:Rate: 24000
DEBUG:root:
DEBUG:root:Name: nb-NO-Standard-A
DEBUG:root:Language(s): ['nb-NO']
DEBUG:root:Gender: FEMALE
DEBUG:root:Rate: 24000
DEBUG:root:
DEBUG:root:Name: nb-NO-Standard-B
DEBUG:root:Language(s): ['nb-NO']
DEBUG:root:Gender: MALE
DEBUG:root:Rate: 24000
DEBUG:root:
DEBUG:root:Name: nb-NO-Standard-E
DEBUG:root:Language(s): ['nb-NO']
DEBUG:root:Gender: FEMALE
DEBUG:root:Rate: 24000
DEBUG:root:
DEBUG:root:Name: nb-NO-Standard-C
DEBUG:root:Language(s): ['nb-NO']
DEBUG:root:Gender: FEMALE
DEBUG:root:Rate: 24000
DEBUG:root:
DEBUG:root:Name: nb-NO-Standard-D
DEBUG:root:Language(s): ['nb-NO']
DEBUG:root:Gender: MALE
DEBUG:root:Rate: 24000
DEBUG:root:
DEBUG:root:Name: cs-CZ-Standard-A
DEBUG:root:Language(s): ['cs-CZ']
DEBUG:root:Gender: FEMALE
DEBUG:root:Rate: 24000
DEBUG:root:
DEBUG:root:Name: pl-PL-Standard-A
DEBUG:root:Language(s): ['pl-PL']
DEBUG:root:Gender: FEMALE
DEBUG:root:Rate: 24000
DEBUG:root:
DEBUG:root:Name: pl-PL-Standard-B
DEBUG:root:Language(s): ['pl-PL']
DEBUG:root:Gender: MALE
DEBUG:root:Rate: 24000
DEBUG:root:
DEBUG:root:Name: pl-PL-Standard-C
DEBUG:root:Language(s): ['pl-PL']
DEBUG:root:Gender: MALE
DEBUG:root:Rate: 24000
DEBUG:root:
DEBUG:root:Name: pl-PL-Standard-E
DEBUG:root:Language(s): ['pl-PL']
DEBUG:root:Gender: FEMALE
DEBUG:root:Rate: 24000
DEBUG:root:
DEBUG:root:Name: pl-PL-Standard-D
DEBUG:root:Language(s): ['pl-PL']
DEBUG:root:Gender: FEMALE
DEBUG:root:Rate: 24000
DEBUG:root:
DEBUG:root:Name: it-IT-Standard-B
DEBUG:root:Language(s): ['it-IT']
DEBUG:root:Gender: FEMALE
DEBUG:root:Rate: 24000
DEBUG:root:
DEBUG:root:Name: it-IT-Standard-C
DEBUG:root:Language(s): ['it-IT']
DEBUG:root:Gender: MALE
DEBUG:root:Rate: 24000
DEBUG:root:
DEBUG:root:Name: it-IT-Standard-D
DEBUG:root:Language(s): ['it-IT']
DEBUG:root:Gender: MALE
DEBUG:root:Rate: 24000
DEBUG:root:
DEBUG:root:Name: it-IT-Standard-A
DEBUG:root:Language(s): ['it-IT']
DEBUG:root:Gender: FEMALE
DEBUG:root:Rate: 24000
DEBUG:root:
DEBUG:root:Name: ro-RO-Standard-A
DEBUG:root:Language(s): ['ro-RO']
DEBUG:root:Gender: FEMALE
DEBUG:root:Rate: 24000
DEBUG:root:
DEBUG:root:Name: ca-ES-Standard-A
DEBUG:root:Language(s): ['ca-ES']
DEBUG:root:Gender: FEMALE
DEBUG:root:Rate: 24000
DEBUG:root:
DEBUG:root:Name: fil-PH-Standard-A
DEBUG:root:Language(s): ['fil-PH']
DEBUG:root:Gender: FEMALE
DEBUG:root:Rate: 24000
DEBUG:root:
DEBUG:root:Name: fil-PH-Standard-B
DEBUG:root:Language(s): ['fil-PH']
DEBUG:root:Gender: FEMALE
DEBUG:root:Rate: 24000
DEBUG:root:
DEBUG:root:Name: fil-PH-Standard-C
DEBUG:root:Language(s): ['fil-PH']
DEBUG:root:Gender: MALE
DEBUG:root:Rate: 24000
DEBUG:root:
DEBUG:root:Name: fil-PH-Standard-D
DEBUG:root:Language(s): ['fil-PH']
DEBUG:root:Gender: MALE
DEBUG:root:Rate: 24000
DEBUG:root:
DEBUG:root:Name: lv-LV-Standard-A
DEBUG:root:Language(s): ['lv-LV']
DEBUG:root:Gender: MALE
DEBUG:root:Rate: 24000
DEBUG:root:
DEBUG:root:Name: id-ID-Standard-A
DEBUG:root:Language(s): ['id-ID']
DEBUG:root:Gender: FEMALE
DEBUG:root:Rate: 24000
DEBUG:root:
DEBUG:root:Name: id-ID-Standard-B
DEBUG:root:Language(s): ['id-ID']
DEBUG:root:Gender: MALE
DEBUG:root:Rate: 24000
DEBUG:root:
DEBUG:root:Name: id-ID-Standard-C
DEBUG:root:Language(s): ['id-ID']
DEBUG:root:Gender: MALE
DEBUG:root:Rate: 24000
DEBUG:root:
DEBUG:root:Name: id-ID-Standard-D
DEBUG:root:Language(s): ['id-ID']
DEBUG:root:Gender: FEMALE
DEBUG:root:Rate: 24000
DEBUG:root:
DEBUG:root:Name: fr-CA-Standard-A
DEBUG:root:Language(s): ['fr-CA']
DEBUG:root:Gender: FEMALE
DEBUG:root:Rate: 24000
DEBUG:root:
DEBUG:root:Name: fr-CA-Standard-B
DEBUG:root:Language(s): ['fr-CA']
DEBUG:root:Gender: MALE
DEBUG:root:Rate: 24000
DEBUG:root:
DEBUG:root:Name: fr-CA-Standard-C
DEBUG:root:Language(s): ['fr-CA']
DEBUG:root:Gender: FEMALE
DEBUG:root:Rate: 24000
DEBUG:root:
DEBUG:root:Name: fr-CA-Standard-D
DEBUG:root:Language(s): ['fr-CA']
DEBUG:root:Gender: MALE
DEBUG:root:Rate: 24000
DEBUG:root:
DEBUG:root:Name: pt-BR-Standard-A
DEBUG:root:Language(s): ['pt-BR']
DEBUG:root:Gender: FEMALE
DEBUG:root:Rate: 24000
DEBUG:root:
DEBUG:root:Name: pt-BR-Standard-B
DEBUG:root:Language(s): ['pt-BR']
DEBUG:root:Gender: MALE
DEBUG:root:Rate: 24000
DEBUG:root:
DEBUG:root:Name: pt-BR-Standard-C
DEBUG:root:Language(s): ['pt-BR']
DEBUG:root:Gender: FEMALE
DEBUG:root:Rate: 24000
DEBUG:root:
DEBUG:root:Name: pt-PT-Standard-A
DEBUG:root:Language(s): ['pt-PT']
DEBUG:root:Gender: FEMALE
DEBUG:root:Rate: 24000
DEBUG:root:
DEBUG:root:Name: pt-PT-Standard-B
DEBUG:root:Language(s): ['pt-PT']
DEBUG:root:Gender: MALE
DEBUG:root:Rate: 24000
DEBUG:root:
DEBUG:root:Name: pt-PT-Standard-C
DEBUG:root:Language(s): ['pt-PT']
DEBUG:root:Gender: MALE
DEBUG:root:Rate: 24000
DEBUG:root:
DEBUG:root:Name: pt-PT-Standard-D
DEBUG:root:Language(s): ['pt-PT']
DEBUG:root:Gender: FEMALE
DEBUG:root:Rate: 24000
DEBUG:root:
DEBUG:root:Name: af-ZA-Standard-A
DEBUG:root:Language(s): ['af-ZA']
DEBUG:root:Gender: FEMALE
DEBUG:root:Rate: 24000
DEBUG:root:
DEBUG:root:Name: eu-ES-Standard-A
DEBUG:root:Language(s): ['eu-ES']
DEBUG:root:Gender: FEMALE
DEBUG:root:Rate: 24000
DEBUG:root:
DEBUG:root:Name: hi-IN-Standard-D
DEBUG:root:Language(s): ['hi-IN']
DEBUG:root:Gender: FEMALE
DEBUG:root:Rate: 24000
DEBUG:root:
DEBUG:root:Name: hi-IN-Standard-A
DEBUG:root:Language(s): ['hi-IN']
DEBUG:root:Gender: FEMALE
DEBUG:root:Rate: 24000
DEBUG:root:
DEBUG:root:Name: hi-IN-Standard-B
DEBUG:root:Language(s): ['hi-IN']
DEBUG:root:Gender: MALE
DEBUG:root:Rate: 24000
DEBUG:root:
DEBUG:root:Name: hi-IN-Standard-C
DEBUG:root:Language(s): ['hi-IN']
DEBUG:root:Gender: MALE
DEBUG:root:Rate: 24000
DEBUG:root:
DEBUG:root:Name: es-ES-Standard-A
DEBUG:root:Language(s): ['es-ES']
DEBUG:root:Gender: FEMALE
DEBUG:root:Rate: 24000
DEBUG:root:
DEBUG:root:Name: es-ES-Standard-C
DEBUG:root:Language(s): ['es-ES']
DEBUG:root:Gender: FEMALE
DEBUG:root:Rate: 24000
DEBUG:root:
DEBUG:root:Name: es-ES-Standard-D
DEBUG:root:Language(s): ['es-ES']
DEBUG:root:Gender: FEMALE
DEBUG:root:Rate: 24000
DEBUG:root:
DEBUG:root:Name: es-ES-Standard-B
DEBUG:root:Language(s): ['es-ES']
DEBUG:root:Gender: MALE
DEBUG:root:Rate: 24000
DEBUG:root:
DEBUG:root:Name: hu-HU-Standard-A
DEBUG:root:Language(s): ['hu-HU']
DEBUG:root:Gender: FEMALE
DEBUG:root:Rate: 24000
DEBUG:root:
DEBUG:root:Name: en-US-Standard-A
DEBUG:root:Language(s): ['en-US']
DEBUG:root:Gender: MALE
DEBUG:root:Rate: 24000
DEBUG:root:
DEBUG:root:Name: en-US-Standard-B
DEBUG:root:Language(s): ['en-US']
DEBUG:root:Gender: MALE
DEBUG:root:Rate: 24000
DEBUG:root:
DEBUG:root:Name: en-US-Standard-C
DEBUG:root:Language(s): ['en-US']
DEBUG:root:Gender: FEMALE
DEBUG:root:Rate: 24000
DEBUG:root:
DEBUG:root:Name: en-US-Standard-D
DEBUG:root:Language(s): ['en-US']
DEBUG:root:Gender: MALE
DEBUG:root:Rate: 24000
DEBUG:root:
DEBUG:root:Name: en-US-Standard-E
DEBUG:root:Language(s): ['en-US']
DEBUG:root:Gender: FEMALE
DEBUG:root:Rate: 24000
DEBUG:root:
DEBUG:root:Name: en-US-Standard-F
DEBUG:root:Language(s): ['en-US']
DEBUG:root:Gender: FEMALE
DEBUG:root:Rate: 24000
DEBUG:root:
DEBUG:root:Name: en-US-Standard-G
DEBUG:root:Language(s): ['en-US']
DEBUG:root:Gender: FEMALE
DEBUG:root:Rate: 24000
DEBUG:root:
DEBUG:root:Name: en-US-Standard-H
DEBUG:root:Language(s): ['en-US']
DEBUG:root:Gender: FEMALE
DEBUG:root:Rate: 24000
DEBUG:root:
DEBUG:root:Name: en-US-Standard-I
DEBUG:root:Language(s): ['en-US']
DEBUG:root:Gender: MALE
DEBUG:root:Rate: 24000
DEBUG:root:
DEBUG:root:Name: en-US-Standard-J
DEBUG:root:Language(s): ['en-US']
DEBUG:root:Gender: MALE
DEBUG:root:Rate: 24000
DEBUG:root:
DEBUG:root:Name: sr-RS-Standard-A
DEBUG:root:Language(s): ['sr-RS']
DEBUG:root:Gender: FEMALE
DEBUG:root:Rate: 24000
DEBUG:root:
DEBUG:root:Name: he-IL-Standard-D
DEBUG:root:Language(s): ['he-IL']
DEBUG:root:Gender: MALE
DEBUG:root:Rate: 24000
DEBUG:root:
DEBUG:root:Name: he-IL-Standard-A
DEBUG:root:Language(s): ['he-IL']
DEBUG:root:Gender: FEMALE
DEBUG:root:Rate: 24000
DEBUG:root:
DEBUG:root:Name: he-IL-Standard-B
DEBUG:root:Language(s): ['he-IL']
DEBUG:root:Gender: MALE
DEBUG:root:Rate: 24000
DEBUG:root:
DEBUG:root:Name: he-IL-Standard-C
DEBUG:root:Language(s): ['he-IL']
DEBUG:root:Gender: FEMALE
DEBUG:root:Rate: 24000
DEBUG:root:
DEBUG:root:Name: nl-BE-Standard-A
DEBUG:root:Language(s): ['nl-BE']
DEBUG:root:Gender: FEMALE
DEBUG:root:Rate: 24000
DEBUG:root:
DEBUG:root:Name: nl-BE-Standard-B
DEBUG:root:Language(s): ['nl-BE']
DEBUG:root:Gender: MALE
DEBUG:root:Rate: 24000
DEBUG:root:
DEBUG:root:Name: bg-BG-Standard-A
DEBUG:root:Language(s): ['bg-BG']
DEBUG:root:Gender: FEMALE
DEBUG:root:Rate: 24000
DEBUG:root:
DEBUG:root:Name: nl-NL-Standard-B
DEBUG:root:Language(s): ['nl-NL']
DEBUG:root:Gender: MALE
DEBUG:root:Rate: 24000
DEBUG:root:
DEBUG:root:Name: nl-NL-Standard-C
DEBUG:root:Language(s): ['nl-NL']
DEBUG:root:Gender: MALE
DEBUG:root:Rate: 24000
DEBUG:root:
DEBUG:root:Name: nl-NL-Standard-D
DEBUG:root:Language(s): ['nl-NL']
DEBUG:root:Gender: FEMALE
DEBUG:root:Rate: 24000
DEBUG:root:
DEBUG:root:Name: nl-NL-Standard-A
DEBUG:root:Language(s): ['nl-NL']
DEBUG:root:Gender: FEMALE
DEBUG:root:Rate: 24000
DEBUG:root:
DEBUG:root:Name: nl-NL-Standard-E
DEBUG:root:Language(s): ['nl-NL']
DEBUG:root:Gender: FEMALE
DEBUG:root:Rate: 24000
DEBUG:root:
DEBUG:root:Name: ko-KR-Standard-A
DEBUG:root:Language(s): ['ko-KR']
DEBUG:root:Gender: FEMALE
DEBUG:root:Rate: 24000
DEBUG:root:
DEBUG:root:Name: ko-KR-Standard-B
DEBUG:root:Language(s): ['ko-KR']
DEBUG:root:Gender: FEMALE
DEBUG:root:Rate: 24000
DEBUG:root:
DEBUG:root:Name: ko-KR-Standard-C
DEBUG:root:Language(s): ['ko-KR']
DEBUG:root:Gender: MALE
DEBUG:root:Rate: 24000
DEBUG:root:
DEBUG:root:Name: ko-KR-Standard-D
DEBUG:root:Language(s): ['ko-KR']
DEBUG:root:Gender: MALE
DEBUG:root:Rate: 24000
DEBUG:root:
DEBUG:root:Name: ru-RU-Standard-E
DEBUG:root:Language(s): ['ru-RU']
DEBUG:root:Gender: FEMALE
DEBUG:root:Rate: 24000
DEBUG:root:
DEBUG:root:Name: ru-RU-Standard-A
DEBUG:root:Language(s): ['ru-RU']
DEBUG:root:Gender: FEMALE
DEBUG:root:Rate: 24000
DEBUG:root:
DEBUG:root:Name: ru-RU-Standard-B
DEBUG:root:Language(s): ['ru-RU']
DEBUG:root:Gender: MALE
DEBUG:root:Rate: 24000
DEBUG:root:
DEBUG:root:Name: ru-RU-Standard-C
DEBUG:root:Language(s): ['ru-RU']
DEBUG:root:Gender: FEMALE
DEBUG:root:Rate: 24000
DEBUG:root:
DEBUG:root:Name: ru-RU-Standard-D
DEBUG:root:Language(s): ['ru-RU']
DEBUG:root:Gender: MALE
DEBUG:root:Rate: 24000
DEBUG:root:
DEBUG:root:Name: tr-TR-Standard-B
DEBUG:root:Language(s): ['tr-TR']
DEBUG:root:Gender: MALE
DEBUG:root:Rate: 24000
DEBUG:root:
DEBUG:root:Name: tr-TR-Standard-C
DEBUG:root:Language(s): ['tr-TR']
DEBUG:root:Gender: FEMALE
DEBUG:root:Rate: 24000
DEBUG:root:
DEBUG:root:Name: tr-TR-Standard-D
DEBUG:root:Language(s): ['tr-TR']
DEBUG:root:Gender: FEMALE
DEBUG:root:Rate: 24000
DEBUG:root:
DEBUG:root:Name: tr-TR-Standard-A
DEBUG:root:Language(s): ['tr-TR']
DEBUG:root:Gender: FEMALE
DEBUG:root:Rate: 24000
DEBUG:root:
DEBUG:root:Name: tr-TR-Standard-E
DEBUG:root:Language(s): ['tr-TR']
DEBUG:root:Gender: MALE
DEBUG:root:Rate: 24000
DEBUG:root:
DEBUG:root:Name: en-GB-Standard-A
DEBUG:root:Language(s): ['en-GB']
DEBUG:root:Gender: FEMALE
DEBUG:root:Rate: 24000
DEBUG:root:
DEBUG:root:Name: en-GB-Standard-B
DEBUG:root:Language(s): ['en-GB']
DEBUG:root:Gender: MALE
DEBUG:root:Rate: 24000
DEBUG:root:
DEBUG:root:Name: en-GB-Standard-C
DEBUG:root:Language(s): ['en-GB']
DEBUG:root:Gender: FEMALE
DEBUG:root:Rate: 24000
DEBUG:root:
DEBUG:root:Name: en-GB-Standard-D
DEBUG:root:Language(s): ['en-GB']
DEBUG:root:Gender: MALE
DEBUG:root:Rate: 24000
DEBUG:root:
DEBUG:root:Name: en-GB-Standard-F
DEBUG:root:Language(s): ['en-GB']
DEBUG:root:Gender: FEMALE
DEBUG:root:Rate: 24000
DEBUG:root:
DEBUG:root:Name: uk-UA-Standard-A
DEBUG:root:Language(s): ['uk-UA']
DEBUG:root:Gender: FEMALE
DEBUG:root:Rate: 24000
DEBUG:root:
DEBUG:root:Name: fr-FR-Standard-A
DEBUG:root:Language(s): ['fr-FR']
DEBUG:root:Gender: FEMALE
DEBUG:root:Rate: 24000
DEBUG:root:
DEBUG:root:Name: fr-FR-Standard-B
DEBUG:root:Language(s): ['fr-FR']
DEBUG:root:Gender: MALE
DEBUG:root:Rate: 24000
DEBUG:root:
DEBUG:root:Name: fr-FR-Standard-C
DEBUG:root:Language(s): ['fr-FR']
DEBUG:root:Gender: FEMALE
DEBUG:root:Rate: 24000
DEBUG:root:
DEBUG:root:Name: fr-FR-Standard-D
DEBUG:root:Language(s): ['fr-FR']
DEBUG:root:Gender: MALE
DEBUG:root:Rate: 24000
DEBUG:root:
DEBUG:root:Name: fr-FR-Standard-E
DEBUG:root:Language(s): ['fr-FR']
DEBUG:root:Gender: FEMALE
DEBUG:root:Rate: 24000
DEBUG:root:
DEBUG:root:Name: vi-VN-Standard-A
DEBUG:root:Language(s): ['vi-VN']
DEBUG:root:Gender: FEMALE
DEBUG:root:Rate: 24000
DEBUG:root:
DEBUG:root:Name: vi-VN-Standard-B
DEBUG:root:Language(s): ['vi-VN']
DEBUG:root:Gender: MALE
DEBUG:root:Rate: 24000
DEBUG:root:
DEBUG:root:Name: vi-VN-Standard-C
DEBUG:root:Language(s): ['vi-VN']
DEBUG:root:Gender: FEMALE
DEBUG:root:Rate: 24000
DEBUG:root:
DEBUG:root:Name: vi-VN-Standard-D
DEBUG:root:Language(s): ['vi-VN']
DEBUG:root:Gender: MALE
DEBUG:root:Rate: 24000
DEBUG:root:
DEBUG:root:Name: gl-ES-Standard-A
DEBUG:root:Language(s): ['gl-ES']
DEBUG:root:Gender: FEMALE
DEBUG:root:Rate: 24000
DEBUG:root:
DEBUG:root:Name: fi-FI-Standard-A
DEBUG:root:Language(s): ['fi-FI']
DEBUG:root:Gender: FEMALE
DEBUG:root:Rate: 24000
DEBUG:root:
DEBUG:root:Name: is-IS-Standard-A
DEBUG:root:Language(s): ['is-IS']
DEBUG:root:Gender: FEMALE
DEBUG:root:Rate: 24000
DEBUG:root:
DEBUG:root:Name: da-DK-Standard-C
DEBUG:root:Language(s): ['da-DK']
DEBUG:root:Gender: MALE
DEBUG:root:Rate: 24000
DEBUG:root:
DEBUG:root:Name: da-DK-Standard-D
DEBUG:root:Language(s): ['da-DK']
DEBUG:root:Gender: FEMALE
DEBUG:root:Rate: 24000
DEBUG:root:
DEBUG:root:Name: da-DK-Standard-E
DEBUG:root:Language(s): ['da-DK']
DEBUG:root:Gender: FEMALE
DEBUG:root:Rate: 24000
DEBUG:root:
DEBUG:root:Name: da-DK-Standard-A
DEBUG:root:Language(s): ['da-DK']
DEBUG:root:Gender: FEMALE
DEBUG:root:Rate: 24000
DEBUG:root:
DEBUG:root:Name: en-IN-Standard-D
DEBUG:root:Language(s): ['en-IN']
DEBUG:root:Gender: FEMALE
DEBUG:root:Rate: 24000
DEBUG:root:
DEBUG:root:Name: en-IN-Standard-A
DEBUG:root:Language(s): ['en-IN']
DEBUG:root:Gender: FEMALE
DEBUG:root:Rate: 24000
DEBUG:root:
DEBUG:root:Name: en-IN-Standard-B
DEBUG:root:Language(s): ['en-IN']
DEBUG:root:Gender: MALE
DEBUG:root:Rate: 24000
DEBUG:root:
DEBUG:root:Name: en-IN-Standard-C
DEBUG:root:Language(s): ['en-IN']
DEBUG:root:Gender: MALE
DEBUG:root:Rate: 24000
DEBUG:root:
DEBUG:root:Name: sk-SK-Standard-A
DEBUG:root:Language(s): ['sk-SK']
DEBUG:root:Gender: FEMALE
DEBUG:root:Rate: 24000
DEBUG:root:
DEBUG:root:Name: el-GR-Standard-A
DEBUG:root:Language(s): ['el-GR']
DEBUG:root:Gender: FEMALE
DEBUG:root:Rate: 24000
DEBUG:root:
DEBUG:root:Name: de-DE-Standard-A
DEBUG:root:Language(s): ['de-DE']
DEBUG:root:Gender: FEMALE
DEBUG:root:Rate: 24000
DEBUG:root:
DEBUG:root:Name: de-DE-Standard-B
DEBUG:root:Language(s): ['de-DE']
DEBUG:root:Gender: MALE
DEBUG:root:Rate: 24000
DEBUG:root:
DEBUG:root:Name: de-DE-Standard-C
DEBUG:root:Language(s): ['de-DE']
DEBUG:root:Gender: FEMALE
DEBUG:root:Rate: 24000
DEBUG:root:
DEBUG:root:Name: de-DE-Standard-D
DEBUG:root:Language(s): ['de-DE']
DEBUG:root:Gender: MALE
DEBUG:root:Rate: 24000
DEBUG:root:
DEBUG:root:Name: de-DE-Standard-E
DEBUG:root:Language(s): ['de-DE']
DEBUG:root:Gender: MALE
DEBUG:root:Rate: 24000
DEBUG:root:
DEBUG:root:Name: de-DE-Standard-F
DEBUG:root:Language(s): ['de-DE']
DEBUG:root:Gender: FEMALE
DEBUG:root:Rate: 24000
DEBUG:root:
DEBUG:root:Name: lt-LT-Standard-A
DEBUG:root:Language(s): ['lt-LT']
DEBUG:root:Gender: MALE
DEBUG:root:Rate: 24000
DEBUG:root:
DEBUG:root:Name: ms-MY-Standard-A
DEBUG:root:Language(s): ['ms-MY']
DEBUG:root:Gender: FEMALE
DEBUG:root:Rate: 24000
DEBUG:root:
DEBUG:root:Name: ms-MY-Standard-B
DEBUG:root:Language(s): ['ms-MY']
DEBUG:root:Gender: MALE
DEBUG:root:Rate: 24000
DEBUG:root:
DEBUG:root:Name: ms-MY-Standard-C
DEBUG:root:Language(s): ['ms-MY']
DEBUG:root:Gender: FEMALE
DEBUG:root:Rate: 24000
DEBUG:root:
DEBUG:root:Name: ms-MY-Standard-D
DEBUG:root:Language(s): ['ms-MY']
DEBUG:root:Gender: MALE
DEBUG:root:Rate: 24000
DEBUG:root:
DEBUG:root:Name: th-TH-Standard-A
DEBUG:root:Language(s): ['th-TH']
DEBUG:root:Gender: FEMALE
DEBUG:root:Rate: 24000
DEBUG:root:
DEBUG:root:Name: ar-XA-Standard-A
DEBUG:root:Language(s): ['ar-XA']
DEBUG:root:Gender: FEMALE
DEBUG:root:Rate: 24000
DEBUG:root:
DEBUG:root:Name: ar-XA-Standard-B
DEBUG:root:Language(s): ['ar-XA']
DEBUG:root:Gender: MALE
DEBUG:root:Rate: 24000
DEBUG:root:
DEBUG:root:Name: ar-XA-Standard-C
DEBUG:root:Language(s): ['ar-XA']
DEBUG:root:Gender: MALE
DEBUG:root:Rate: 24000
DEBUG:root:
DEBUG:root:Name: ar-XA-Standard-D
DEBUG:root:Language(s): ['ar-XA']
DEBUG:root:Gender: FEMALE
DEBUG:root:Rate: 24000
DEBUG:root:
DEBUG:root:Name: en-US-Studio-M
DEBUG:root:Language(s): ['en-US']
DEBUG:root:Gender: MALE
DEBUG:root:Rate: 24000
DEBUG:root:
DEBUG:root:Name: en-US-Studio-O
DEBUG:root:Language(s): ['en-US']
DEBUG:root:Gender: FEMALE
DEBUG:root:Rate: 24000
DEBUG:root:
DEBUG:root:Name: en-US-Studio-Q
DEBUG:root:Language(s): ['en-US']
DEBUG:root:Gender: MALE
DEBUG:root:Rate: 24000
DEBUG:root:
DEBUG:root:Name: es-US-Studio-B
DEBUG:root:Language(s): ['es-US']
DEBUG:root:Gender: MALE
DEBUG:root:Rate: 24000
DEBUG:root:
DEBUG:root:Name: de-DE-Neural2-A
DEBUG:root:Language(s): ['de-DE']
DEBUG:root:Gender: FEMALE
DEBUG:root:Rate: 24000
DEBUG:root:
DEBUG:root:Name: de-DE-Neural2-B
DEBUG:root:Language(s): ['de-DE']
DEBUG:root:Gender: MALE
DEBUG:root:Rate: 24000
DEBUG:root:
DEBUG:root:Name: de-DE-Neural2-C
DEBUG:root:Language(s): ['de-DE']
DEBUG:root:Gender: FEMALE
DEBUG:root:Rate: 24000
DEBUG:root:
DEBUG:root:Name: de-DE-Neural2-D
DEBUG:root:Language(s): ['de-DE']
DEBUG:root:Gender: MALE
DEBUG:root:Rate: 24000
DEBUG:root:
DEBUG:root:Name: de-DE-Neural2-F
DEBUG:root:Language(s): ['de-DE']
DEBUG:root:Gender: FEMALE
DEBUG:root:Rate: 24000
DEBUG:root:
DEBUG:root:Name: de-DE-Polyglot-1
DEBUG:root:Language(s): ['de-DE']
DEBUG:root:Gender: MALE
DEBUG:root:Rate: 24000
DEBUG:root:
DEBUG:root:Name: en-AU-Polyglot-1
DEBUG:root:Language(s): ['en-AU']
DEBUG:root:Gender: MALE
DEBUG:root:Rate: 24000
DEBUG:root:
DEBUG:root:Name: en-GB-Neural2-A
DEBUG:root:Language(s): ['en-GB']
DEBUG:root:Gender: FEMALE
DEBUG:root:Rate: 24000
DEBUG:root:
DEBUG:root:Name: en-GB-Neural2-B
DEBUG:root:Language(s): ['en-GB']
DEBUG:root:Gender: MALE
DEBUG:root:Rate: 24000
DEBUG:root:
DEBUG:root:Name: en-GB-Neural2-C
DEBUG:root:Language(s): ['en-GB']
DEBUG:root:Gender: FEMALE
DEBUG:root:Rate: 24000
DEBUG:root:
DEBUG:root:Name: en-GB-Neural2-D
DEBUG:root:Language(s): ['en-GB']
DEBUG:root:Gender: MALE
DEBUG:root:Rate: 24000
DEBUG:root:
DEBUG:root:Name: en-GB-Neural2-F
DEBUG:root:Language(s): ['en-GB']
DEBUG:root:Gender: FEMALE
DEBUG:root:Rate: 24000
DEBUG:root:
DEBUG:root:Name: en-IN-Neural2-A
DEBUG:root:Language(s): ['en-IN']
DEBUG:root:Gender: FEMALE
DEBUG:root:Rate: 24000
DEBUG:root:
DEBUG:root:Name: en-IN-Neural2-B
DEBUG:root:Language(s): ['en-IN']
DEBUG:root:Gender: MALE
DEBUG:root:Rate: 24000
DEBUG:root:
DEBUG:root:Name: en-IN-Neural2-C
DEBUG:root:Language(s): ['en-IN']
DEBUG:root:Gender: MALE
DEBUG:root:Rate: 24000
DEBUG:root:
DEBUG:root:Name: en-IN-Neural2-D
DEBUG:root:Language(s): ['en-IN']
DEBUG:root:Gender: FEMALE
DEBUG:root:Rate: 24000
DEBUG:root:
DEBUG:root:Name: en-US-Neural2-A
DEBUG:root:Language(s): ['en-US']
DEBUG:root:Gender: MALE
DEBUG:root:Rate: 24000
DEBUG:root:
DEBUG:root:Name: en-US-Neural2-C
DEBUG:root:Language(s): ['en-US']
DEBUG:root:Gender: FEMALE
DEBUG:root:Rate: 24000
DEBUG:root:
DEBUG:root:Name: en-US-Neural2-D
DEBUG:root:Language(s): ['en-US']
DEBUG:root:Gender: MALE
DEBUG:root:Rate: 24000
DEBUG:root:
DEBUG:root:Name: en-US-Neural2-E
DEBUG:root:Language(s): ['en-US']
DEBUG:root:Gender: FEMALE
DEBUG:root:Rate: 24000
DEBUG:root:
DEBUG:root:Name: en-US-Neural2-F
DEBUG:root:Language(s): ['en-US']
DEBUG:root:Gender: FEMALE
DEBUG:root:Rate: 24000
DEBUG:root:
DEBUG:root:Name: en-US-Neural2-G
DEBUG:root:Language(s): ['en-US']
DEBUG:root:Gender: FEMALE
DEBUG:root:Rate: 24000
DEBUG:root:
DEBUG:root:Name: en-US-Neural2-H
DEBUG:root:Language(s): ['en-US']
DEBUG:root:Gender: FEMALE
DEBUG:root:Rate: 24000
DEBUG:root:
DEBUG:root:Name: en-US-Neural2-I
DEBUG:root:Language(s): ['en-US']
DEBUG:root:Gender: MALE
DEBUG:root:Rate: 24000
DEBUG:root:
DEBUG:root:Name: en-US-Neural2-J
DEBUG:root:Language(s): ['en-US']
DEBUG:root:Gender: MALE
DEBUG:root:Rate: 24000
DEBUG:root:
DEBUG:root:Name: en-US-Polyglot-1
DEBUG:root:Language(s): ['en-US']
DEBUG:root:Gender: MALE
DEBUG:root:Rate: 24000
DEBUG:root:
DEBUG:root:Name: es-ES-Neural2-A
DEBUG:root:Language(s): ['es-ES']
DEBUG:root:Gender: FEMALE
DEBUG:root:Rate: 24000
DEBUG:root:
DEBUG:root:Name: es-ES-Neural2-B
DEBUG:root:Language(s): ['es-ES']
DEBUG:root:Gender: MALE
DEBUG:root:Rate: 24000
DEBUG:root:
DEBUG:root:Name: es-ES-Neural2-C
DEBUG:root:Language(s): ['es-ES']
DEBUG:root:Gender: FEMALE
DEBUG:root:Rate: 24000
DEBUG:root:
DEBUG:root:Name: es-ES-Neural2-D
DEBUG:root:Language(s): ['es-ES']
DEBUG:root:Gender: FEMALE
DEBUG:root:Rate: 24000
DEBUG:root:
DEBUG:root:Name: es-ES-Neural2-E
DEBUG:root:Language(s): ['es-ES']
DEBUG:root:Gender: FEMALE
DEBUG:root:Rate: 24000
DEBUG:root:
DEBUG:root:Name: es-ES-Neural2-F
DEBUG:root:Language(s): ['es-ES']
DEBUG:root:Gender: MALE
DEBUG:root:Rate: 24000
DEBUG:root:
DEBUG:root:Name: es-ES-Polyglot-1
DEBUG:root:Language(s): ['es-ES']
DEBUG:root:Gender: MALE
DEBUG:root:Rate: 24000
DEBUG:root:
DEBUG:root:Name: es-US-Neural2-A
DEBUG:root:Language(s): ['es-US']
DEBUG:root:Gender: FEMALE
DEBUG:root:Rate: 24000
DEBUG:root:
DEBUG:root:Name: es-US-Neural2-B
DEBUG:root:Language(s): ['es-US']
DEBUG:root:Gender: MALE
DEBUG:root:Rate: 24000
DEBUG:root:
DEBUG:root:Name: es-US-Neural2-C
DEBUG:root:Language(s): ['es-US']
DEBUG:root:Gender: MALE
DEBUG:root:Rate: 24000
DEBUG:root:
DEBUG:root:Name: es-US-Polyglot-1
DEBUG:root:Language(s): ['es-US']
DEBUG:root:Gender: MALE
DEBUG:root:Rate: 24000
DEBUG:root:
DEBUG:root:Name: fil-ph-Neural2-D
DEBUG:root:Language(s): ['fil-PH']
DEBUG:root:Gender: MALE
DEBUG:root:Rate: 24000
DEBUG:root:
DEBUG:root:Name: fil-ph-Neural2-A
DEBUG:root:Language(s): ['fil-PH']
DEBUG:root:Gender: FEMALE
DEBUG:root:Rate: 24000
DEBUG:root:
DEBUG:root:Name: fr-CA-Neural2-A
DEBUG:root:Language(s): ['fr-CA']
DEBUG:root:Gender: FEMALE
DEBUG:root:Rate: 24000
DEBUG:root:
DEBUG:root:Name: fr-CA-Neural2-B
DEBUG:root:Language(s): ['fr-CA']
DEBUG:root:Gender: MALE
DEBUG:root:Rate: 24000
DEBUG:root:
DEBUG:root:Name: fr-CA-Neural2-C
DEBUG:root:Language(s): ['fr-CA']
DEBUG:root:Gender: FEMALE
DEBUG:root:Rate: 24000
DEBUG:root:
DEBUG:root:Name: fr-CA-Neural2-D
DEBUG:root:Language(s): ['fr-CA']
DEBUG:root:Gender: MALE
DEBUG:root:Rate: 24000
DEBUG:root:
DEBUG:root:Name: fr-FR-Neural2-A
DEBUG:root:Language(s): ['fr-FR']
DEBUG:root:Gender: FEMALE
DEBUG:root:Rate: 24000
DEBUG:root:
DEBUG:root:Name: fr-FR-Neural2-B
DEBUG:root:Language(s): ['fr-FR']
DEBUG:root:Gender: MALE
DEBUG:root:Rate: 24000
DEBUG:root:
DEBUG:root:Name: fr-FR-Neural2-C
DEBUG:root:Language(s): ['fr-FR']
DEBUG:root:Gender: FEMALE
DEBUG:root:Rate: 24000
DEBUG:root:
DEBUG:root:Name: fr-FR-Neural2-D
DEBUG:root:Language(s): ['fr-FR']
DEBUG:root:Gender: MALE
DEBUG:root:Rate: 24000
DEBUG:root:
DEBUG:root:Name: fr-FR-Neural2-E
DEBUG:root:Language(s): ['fr-FR']
DEBUG:root:Gender: FEMALE
DEBUG:root:Rate: 24000
DEBUG:root:
DEBUG:root:Name: fr-FR-Polyglot-1
DEBUG:root:Language(s): ['fr-FR']
DEBUG:root:Gender: MALE
DEBUG:root:Rate: 24000
DEBUG:root:
DEBUG:root:Name: hi-IN-Neural2-A
DEBUG:root:Language(s): ['hi-IN']
DEBUG:root:Gender: FEMALE
DEBUG:root:Rate: 24000
DEBUG:root:
DEBUG:root:Name: hi-IN-Neural2-B
DEBUG:root:Language(s): ['hi-IN']
DEBUG:root:Gender: MALE
DEBUG:root:Rate: 24000
DEBUG:root:
DEBUG:root:Name: hi-IN-Neural2-C
DEBUG:root:Language(s): ['hi-IN']
DEBUG:root:Gender: MALE
DEBUG:root:Rate: 24000
DEBUG:root:
DEBUG:root:Name: hi-IN-Neural2-D
DEBUG:root:Language(s): ['hi-IN']
DEBUG:root:Gender: FEMALE
DEBUG:root:Rate: 24000
DEBUG:root:
DEBUG:root:Name: it-IT-Neural2-A
DEBUG:root:Language(s): ['it-IT']
DEBUG:root:Gender: FEMALE
DEBUG:root:Rate: 24000
DEBUG:root:
DEBUG:root:Name: it-IT-Neural2-C
DEBUG:root:Language(s): ['it-IT']
DEBUG:root:Gender: MALE
DEBUG:root:Rate: 24000
DEBUG:root:
DEBUG:root:Name: ja-JP-Neural2-B
DEBUG:root:Language(s): ['ja-JP']
DEBUG:root:Gender: FEMALE
DEBUG:root:Rate: 24000
DEBUG:root:
DEBUG:root:Name: ja-JP-Neural2-C
DEBUG:root:Language(s): ['ja-JP']
DEBUG:root:Gender: MALE
DEBUG:root:Rate: 24000
DEBUG:root:
DEBUG:root:Name: ja-JP-Neural2-D
DEBUG:root:Language(s): ['ja-JP']
DEBUG:root:Gender: MALE
DEBUG:root:Rate: 24000
DEBUG:root:
DEBUG:root:Name: ko-KR-Neural2-A
DEBUG:root:Language(s): ['ko-KR']
DEBUG:root:Gender: FEMALE
DEBUG:root:Rate: 24000
DEBUG:root:
DEBUG:root:Name: ko-KR-Neural2-B
DEBUG:root:Language(s): ['ko-KR']
DEBUG:root:Gender: FEMALE
DEBUG:root:Rate: 24000
DEBUG:root:
DEBUG:root:Name: ko-KR-Neural2-C
DEBUG:root:Language(s): ['ko-KR']
DEBUG:root:Gender: MALE
DEBUG:root:Rate: 24000
DEBUG:root:
DEBUG:root:Name: pt-BR-Neural2-A
DEBUG:root:Language(s): ['pt-BR']
DEBUG:root:Gender: FEMALE
DEBUG:root:Rate: 24000
DEBUG:root:
DEBUG:root:Name: pt-BR-Neural2-B
DEBUG:root:Language(s): ['pt-BR']
DEBUG:root:Gender: MALE
DEBUG:root:Rate: 24000
DEBUG:root:
DEBUG:root:Name: pt-BR-Neural2-C
DEBUG:root:Language(s): ['pt-BR']
DEBUG:root:Gender: FEMALE
DEBUG:root:Rate: 24000
DEBUG:root:
DEBUG:root:Name: vi-VN-Neural2-A
DEBUG:root:Language(s): ['vi-VN']
DEBUG:root:Gender: FEMALE
DEBUG:root:Rate: 24000
DEBUG:root:
DEBUG:root:Name: vi-VN-Neural2-D
DEBUG:root:Language(s): ['vi-VN']
DEBUG:root:Gender: MALE
DEBUG:root:Rate: 24000
DEBUG:root:
DEBUG:root:Name: da-DK-Neural2-D
DEBUG:root:Language(s): ['da-DK']
DEBUG:root:Gender: FEMALE
DEBUG:root:Rate: 24000
DEBUG:root:
DEBUG:root:Name: en-AU-Neural2-A
DEBUG:root:Language(s): ['en-AU']
DEBUG:root:Gender: FEMALE
DEBUG:root:Rate: 24000
DEBUG:root:
DEBUG:root:Name: en-AU-Neural2-B
DEBUG:root:Language(s): ['en-AU']
DEBUG:root:Gender: MALE
DEBUG:root:Rate: 24000
DEBUG:root:
DEBUG:root:Name: en-AU-Neural2-C
DEBUG:root:Language(s): ['en-AU']
DEBUG:root:Gender: FEMALE
DEBUG:root:Rate: 24000
DEBUG:root:
DEBUG:root:Name: en-AU-Neural2-D
DEBUG:root:Language(s): ['en-AU']
DEBUG:root:Gender: MALE
DEBUG:root:Rate: 24000
DEBUG:root:
DEBUG:root:Name: th-TH-Neural2-C
DEBUG:root:Language(s): ['th-TH']
DEBUG:root:Gender: FEMALE
DEBUG:root:Rate: 24000
DEBUG:root:
DEBUG:root:Name: af-ZA-Standard-A
DEBUG:root:Language(s): ['af-ZA']
DEBUG:root:Gender: FEMALE
DEBUG:root:Rate: 24000
DEBUG:root:
DEBUG:root:Name: ar-XA-Standard-A
DEBUG:root:Language(s): ['ar-XA']
DEBUG:root:Gender: FEMALE
DEBUG:root:Rate: 24000
DEBUG:root:
DEBUG:root:Name: ar-XA-Standard-B
DEBUG:root:Language(s): ['ar-XA']
DEBUG:root:Gender: MALE
DEBUG:root:Rate: 24000
DEBUG:root:
DEBUG:root:Name: ar-XA-Standard-C
DEBUG:root:Language(s): ['ar-XA']
DEBUG:root:Gender: MALE
DEBUG:root:Rate: 24000
DEBUG:root:
DEBUG:root:Name: ar-XA-Standard-D
DEBUG:root:Language(s): ['ar-XA']
DEBUG:root:Gender: FEMALE
DEBUG:root:Rate: 24000
DEBUG:root:
DEBUG:root:Name: bg-BG-Standard-A
DEBUG:root:Language(s): ['bg-BG']
DEBUG:root:Gender: FEMALE
DEBUG:root:Rate: 24000
DEBUG:root:
DEBUG:root:Name: ca-ES-Standard-A
DEBUG:root:Language(s): ['ca-ES']
DEBUG:root:Gender: FEMALE
DEBUG:root:Rate: 24000
DEBUG:root:
DEBUG:root:Name: cs-CZ-Standard-A
DEBUG:root:Language(s): ['cs-CZ']
DEBUG:root:Gender: FEMALE
DEBUG:root:Rate: 24000
DEBUG:root:
DEBUG:root:Name: da-DK-Standard-A
DEBUG:root:Language(s): ['da-DK']
DEBUG:root:Gender: FEMALE
DEBUG:root:Rate: 24000
DEBUG:root:
DEBUG:root:Name: da-DK-Standard-C
DEBUG:root:Language(s): ['da-DK']
DEBUG:root:Gender: MALE
DEBUG:root:Rate: 24000
DEBUG:root:
DEBUG:root:Name: da-DK-Standard-D
DEBUG:root:Language(s): ['da-DK']
DEBUG:root:Gender: FEMALE
DEBUG:root:Rate: 24000
DEBUG:root:
DEBUG:root:Name: da-DK-Standard-E
DEBUG:root:Language(s): ['da-DK']
DEBUG:root:Gender: FEMALE
DEBUG:root:Rate: 24000
DEBUG:root:
DEBUG:root:Name: nl-NL-Standard-A
DEBUG:root:Language(s): ['nl-NL']
DEBUG:root:Gender: FEMALE
DEBUG:root:Rate: 24000
DEBUG:root:
DEBUG:root:Name: nl-NL-Standard-B
DEBUG:root:Language(s): ['nl-NL']
DEBUG:root:Gender: MALE
DEBUG:root:Rate: 24000
DEBUG:root:
DEBUG:root:Name: nl-NL-Standard-C
DEBUG:root:Language(s): ['nl-NL']
DEBUG:root:Gender: MALE
DEBUG:root:Rate: 24000
DEBUG:root:
DEBUG:root:Name: nl-NL-Standard-D
DEBUG:root:Language(s): ['nl-NL']
DEBUG:root:Gender: FEMALE
DEBUG:root:Rate: 24000
DEBUG:root:
DEBUG:root:Name: nl-NL-Standard-E
DEBUG:root:Language(s): ['nl-NL']
DEBUG:root:Gender: FEMALE
DEBUG:root:Rate: 24000
DEBUG:root:
DEBUG:root:Name: en-AU-Standard-A
DEBUG:root:Language(s): ['en-AU']
DEBUG:root:Gender: FEMALE
DEBUG:root:Rate: 24000
DEBUG:root:
DEBUG:root:Name: en-AU-Standard-B
DEBUG:root:Language(s): ['en-AU']
DEBUG:root:Gender: MALE
DEBUG:root:Rate: 24000
DEBUG:root:
DEBUG:root:Name: en-AU-Standard-C
DEBUG:root:Language(s): ['en-AU']
DEBUG:root:Gender: FEMALE
DEBUG:root:Rate: 24000
DEBUG:root:
DEBUG:root:Name: en-AU-Standard-D
DEBUG:root:Language(s): ['en-AU']
DEBUG:root:Gender: MALE
DEBUG:root:Rate: 24000
DEBUG:root:
DEBUG:root:Name: en-IN-Standard-A
DEBUG:root:Language(s): ['en-IN']
DEBUG:root:Gender: FEMALE
DEBUG:root:Rate: 24000
DEBUG:root:
DEBUG:root:Name: en-IN-Standard-B
DEBUG:root:Language(s): ['en-IN']
DEBUG:root:Gender: MALE
DEBUG:root:Rate: 24000
DEBUG:root:
DEBUG:root:Name: en-IN-Standard-C
DEBUG:root:Language(s): ['en-IN']
DEBUG:root:Gender: MALE
DEBUG:root:Rate: 24000
DEBUG:root:
DEBUG:root:Name: en-IN-Standard-D
DEBUG:root:Language(s): ['en-IN']
DEBUG:root:Gender: FEMALE
DEBUG:root:Rate: 24000
DEBUG:root:
DEBUG:root:Name: en-GB-Standard-A
DEBUG:root:Language(s): ['en-GB']
DEBUG:root:Gender: FEMALE
DEBUG:root:Rate: 24000
DEBUG:root:
DEBUG:root:Name: en-GB-Standard-B
DEBUG:root:Language(s): ['en-GB']
DEBUG:root:Gender: MALE
DEBUG:root:Rate: 24000
DEBUG:root:
DEBUG:root:Name: en-GB-Standard-C
DEBUG:root:Language(s): ['en-GB']
DEBUG:root:Gender: FEMALE
DEBUG:root:Rate: 24000
DEBUG:root:
DEBUG:root:Name: en-GB-Standard-D
DEBUG:root:Language(s): ['en-GB']
DEBUG:root:Gender: MALE
DEBUG:root:Rate: 24000
DEBUG:root:
DEBUG:root:Name: en-GB-Standard-F
DEBUG:root:Language(s): ['en-GB']
DEBUG:root:Gender: FEMALE
DEBUG:root:Rate: 24000
DEBUG:root:
DEBUG:root:Name: en-US-Standard-A
DEBUG:root:Language(s): ['en-US']
DEBUG:root:Gender: MALE
DEBUG:root:Rate: 24000
DEBUG:root:
DEBUG:root:Name: en-US-Standard-B
DEBUG:root:Language(s): ['en-US']
DEBUG:root:Gender: MALE
DEBUG:root:Rate: 24000
DEBUG:root:
DEBUG:root:Name: en-US-Standard-C
DEBUG:root:Language(s): ['en-US']
DEBUG:root:Gender: FEMALE
DEBUG:root:Rate: 24000
DEBUG:root:
DEBUG:root:Name: en-US-Standard-D
DEBUG:root:Language(s): ['en-US']
DEBUG:root:Gender: MALE
DEBUG:root:Rate: 24000
DEBUG:root:
DEBUG:root:Name: en-US-Standard-E
DEBUG:root:Language(s): ['en-US']
DEBUG:root:Gender: FEMALE
DEBUG:root:Rate: 24000
DEBUG:root:
DEBUG:root:Name: en-US-Standard-F
DEBUG:root:Language(s): ['en-US']
DEBUG:root:Gender: FEMALE
DEBUG:root:Rate: 24000
DEBUG:root:
DEBUG:root:Name: en-US-Standard-G
DEBUG:root:Language(s): ['en-US']
DEBUG:root:Gender: FEMALE
DEBUG:root:Rate: 24000
DEBUG:root:
DEBUG:root:Name: en-US-Standard-H
DEBUG:root:Language(s): ['en-US']
DEBUG:root:Gender: FEMALE
DEBUG:root:Rate: 24000
DEBUG:root:
DEBUG:root:Name: en-US-Standard-I
DEBUG:root:Language(s): ['en-US']
DEBUG:root:Gender: MALE
DEBUG:root:Rate: 24000
DEBUG:root:
DEBUG:root:Name: en-US-Standard-J
DEBUG:root:Language(s): ['en-US']
DEBUG:root:Gender: MALE
DEBUG:root:Rate: 24000
DEBUG:root:
DEBUG:root:Name: fil-PH-Standard-A
DEBUG:root:Language(s): ['fil-PH']
DEBUG:root:Gender: FEMALE
DEBUG:root:Rate: 24000
DEBUG:root:
DEBUG:root:Name: fil-PH-Standard-B
DEBUG:root:Language(s): ['fil-PH']
DEBUG:root:Gender: FEMALE
DEBUG:root:Rate: 24000
DEBUG:root:
DEBUG:root:Name: fil-PH-Standard-C
DEBUG:root:Language(s): ['fil-PH']
DEBUG:root:Gender: MALE
DEBUG:root:Rate: 24000
DEBUG:root:
DEBUG:root:Name: fil-PH-Standard-D
DEBUG:root:Language(s): ['fil-PH']
DEBUG:root:Gender: MALE
DEBUG:root:Rate: 24000
DEBUG:root:
DEBUG:root:Name: fi-FI-Standard-A
DEBUG:root:Language(s): ['fi-FI']
DEBUG:root:Gender: FEMALE
DEBUG:root:Rate: 24000
DEBUG:root:
DEBUG:root:Name: fr-CA-Standard-A
DEBUG:root:Language(s): ['fr-CA']
DEBUG:root:Gender: FEMALE
DEBUG:root:Rate: 24000
DEBUG:root:
DEBUG:root:Name: fr-CA-Standard-B
DEBUG:root:Language(s): ['fr-CA']
DEBUG:root:Gender: MALE
DEBUG:root:Rate: 24000
DEBUG:root:
DEBUG:root:Name: fr-CA-Standard-C
DEBUG:root:Language(s): ['fr-CA']
DEBUG:root:Gender: FEMALE
DEBUG:root:Rate: 24000
DEBUG:root:
DEBUG:root:Name: fr-CA-Standard-D
DEBUG:root:Language(s): ['fr-CA']
DEBUG:root:Gender: MALE
DEBUG:root:Rate: 24000
DEBUG:root:
DEBUG:root:Name: fr-FR-Standard-A
DEBUG:root:Language(s): ['fr-FR']
DEBUG:root:Gender: FEMALE
DEBUG:root:Rate: 24000
DEBUG:root:
DEBUG:root:Name: fr-FR-Standard-B
DEBUG:root:Language(s): ['fr-FR']
DEBUG:root:Gender: MALE
DEBUG:root:Rate: 24000
DEBUG:root:
DEBUG:root:Name: fr-FR-Standard-C
DEBUG:root:Language(s): ['fr-FR']
DEBUG:root:Gender: FEMALE
DEBUG:root:Rate: 24000
DEBUG:root:
DEBUG:root:Name: fr-FR-Standard-D
DEBUG:root:Language(s): ['fr-FR']
DEBUG:root:Gender: MALE
DEBUG:root:Rate: 24000
DEBUG:root:
DEBUG:root:Name: fr-FR-Standard-E
DEBUG:root:Language(s): ['fr-FR']
DEBUG:root:Gender: FEMALE
DEBUG:root:Rate: 24000
DEBUG:root:
DEBUG:root:Name: de-DE-Standard-A
DEBUG:root:Language(s): ['de-DE']
DEBUG:root:Gender: FEMALE
DEBUG:root:Rate: 24000
DEBUG:root:
DEBUG:root:Name: de-DE-Standard-B
DEBUG:root:Language(s): ['de-DE']
DEBUG:root:Gender: MALE
DEBUG:root:Rate: 24000
DEBUG:root:
DEBUG:root:Name: de-DE-Standard-C
DEBUG:root:Language(s): ['de-DE']
DEBUG:root:Gender: FEMALE
DEBUG:root:Rate: 24000
DEBUG:root:
DEBUG:root:Name: de-DE-Standard-D
DEBUG:root:Language(s): ['de-DE']
DEBUG:root:Gender: MALE
DEBUG:root:Rate: 24000
DEBUG:root:
DEBUG:root:Name: de-DE-Standard-E
DEBUG:root:Language(s): ['de-DE']
DEBUG:root:Gender: MALE
DEBUG:root:Rate: 24000
DEBUG:root:
DEBUG:root:Name: de-DE-Standard-F
DEBUG:root:Language(s): ['de-DE']
DEBUG:root:Gender: FEMALE
DEBUG:root:Rate: 24000
DEBUG:root:
DEBUG:root:Name: el-GR-Standard-A
DEBUG:root:Language(s): ['el-GR']
DEBUG:root:Gender: FEMALE
DEBUG:root:Rate: 24000
DEBUG:root:
DEBUG:root:Name: he-IL-Standard-A
DEBUG:root:Language(s): ['he-IL']
DEBUG:root:Gender: FEMALE
DEBUG:root:Rate: 24000
DEBUG:root:
DEBUG:root:Name: he-IL-Standard-B
DEBUG:root:Language(s): ['he-IL']
DEBUG:root:Gender: MALE
DEBUG:root:Rate: 24000
DEBUG:root:
DEBUG:root:Name: he-IL-Standard-C
DEBUG:root:Language(s): ['he-IL']
DEBUG:root:Gender: FEMALE
DEBUG:root:Rate: 24000
DEBUG:root:
DEBUG:root:Name: he-IL-Standard-D
DEBUG:root:Language(s): ['he-IL']
DEBUG:root:Gender: MALE
DEBUG:root:Rate: 24000
DEBUG:root:
DEBUG:root:Name: hi-IN-Standard-A
DEBUG:root:Language(s): ['hi-IN']
DEBUG:root:Gender: FEMALE
DEBUG:root:Rate: 24000
DEBUG:root:
DEBUG:root:Name: hi-IN-Standard-B
DEBUG:root:Language(s): ['hi-IN']
DEBUG:root:Gender: MALE
DEBUG:root:Rate: 24000
DEBUG:root:
DEBUG:root:Name: hi-IN-Standard-C
DEBUG:root:Language(s): ['hi-IN']
DEBUG:root:Gender: MALE
DEBUG:root:Rate: 24000
DEBUG:root:
DEBUG:root:Name: hi-IN-Standard-D
DEBUG:root:Language(s): ['hi-IN']
DEBUG:root:Gender: FEMALE
DEBUG:root:Rate: 24000
DEBUG:root:
DEBUG:root:Name: hu-HU-Standard-A
DEBUG:root:Language(s): ['hu-HU']
DEBUG:root:Gender: FEMALE
DEBUG:root:Rate: 24000
DEBUG:root:
DEBUG:root:Name: is-IS-Standard-A
DEBUG:root:Language(s): ['is-IS']
DEBUG:root:Gender: FEMALE
DEBUG:root:Rate: 24000
DEBUG:root:
DEBUG:root:Name: id-ID-Standard-A
DEBUG:root:Language(s): ['id-ID']
DEBUG:root:Gender: FEMALE
DEBUG:root:Rate: 24000
DEBUG:root:
DEBUG:root:Name: id-ID-Standard-B
DEBUG:root:Language(s): ['id-ID']
DEBUG:root:Gender: MALE
DEBUG:root:Rate: 24000
DEBUG:root:
DEBUG:root:Name: id-ID-Standard-C
DEBUG:root:Language(s): ['id-ID']
DEBUG:root:Gender: MALE
DEBUG:root:Rate: 24000
DEBUG:root:
DEBUG:root:Name: id-ID-Standard-D
DEBUG:root:Language(s): ['id-ID']
DEBUG:root:Gender: FEMALE
DEBUG:root:Rate: 24000
DEBUG:root:
DEBUG:root:Name: it-IT-Standard-A
DEBUG:root:Language(s): ['it-IT']
DEBUG:root:Gender: FEMALE
DEBUG:root:Rate: 24000
DEBUG:root:
DEBUG:root:Name: it-IT-Standard-B
DEBUG:root:Language(s): ['it-IT']
DEBUG:root:Gender: FEMALE
DEBUG:root:Rate: 24000
DEBUG:root:
DEBUG:root:Name: it-IT-Standard-C
DEBUG:root:Language(s): ['it-IT']
DEBUG:root:Gender: MALE
DEBUG:root:Rate: 24000
DEBUG:root:
DEBUG:root:Name: it-IT-Standard-D
DEBUG:root:Language(s): ['it-IT']
DEBUG:root:Gender: MALE
DEBUG:root:Rate: 24000
DEBUG:root:
DEBUG:root:Name: ko-KR-Standard-A
DEBUG:root:Language(s): ['ko-KR']
DEBUG:root:Gender: FEMALE
DEBUG:root:Rate: 24000
DEBUG:root:
DEBUG:root:Name: ko-KR-Standard-B
DEBUG:root:Language(s): ['ko-KR']
DEBUG:root:Gender: FEMALE
DEBUG:root:Rate: 24000
DEBUG:root:
DEBUG:root:Name: ko-KR-Standard-C
DEBUG:root:Language(s): ['ko-KR']
DEBUG:root:Gender: MALE
DEBUG:root:Rate: 24000
DEBUG:root:
DEBUG:root:Name: ko-KR-Standard-D
DEBUG:root:Language(s): ['ko-KR']
DEBUG:root:Gender: MALE
DEBUG:root:Rate: 24000
DEBUG:root:
DEBUG:root:Name: lv-LV-Standard-A
DEBUG:root:Language(s): ['lv-LV']
DEBUG:root:Gender: MALE
DEBUG:root:Rate: 24000
DEBUG:root:
DEBUG:root:Name: lt-LT-Standard-A
DEBUG:root:Language(s): ['lt-LT']
DEBUG:root:Gender: MALE
DEBUG:root:Rate: 24000
DEBUG:root:
DEBUG:root:Name: ms-MY-Standard-A
DEBUG:root:Language(s): ['ms-MY']
DEBUG:root:Gender: FEMALE
DEBUG:root:Rate: 24000
DEBUG:root:
DEBUG:root:Name: ms-MY-Standard-B
DEBUG:root:Language(s): ['ms-MY']
DEBUG:root:Gender: MALE
DEBUG:root:Rate: 24000
DEBUG:root:
DEBUG:root:Name: ms-MY-Standard-C
DEBUG:root:Language(s): ['ms-MY']
DEBUG:root:Gender: FEMALE
DEBUG:root:Rate: 24000
DEBUG:root:
DEBUG:root:Name: ms-MY-Standard-D
DEBUG:root:Language(s): ['ms-MY']
DEBUG:root:Gender: MALE
DEBUG:root:Rate: 24000
DEBUG:root:
DEBUG:root:Name: nb-NO-Standard-A
DEBUG:root:Language(s): ['nb-NO']
DEBUG:root:Gender: FEMALE
DEBUG:root:Rate: 24000
DEBUG:root:
DEBUG:root:Name: nb-NO-Standard-B
DEBUG:root:Language(s): ['nb-NO']
DEBUG:root:Gender: MALE
DEBUG:root:Rate: 24000
DEBUG:root:
DEBUG:root:Name: nb-NO-Standard-C
DEBUG:root:Language(s): ['nb-NO']
DEBUG:root:Gender: FEMALE
DEBUG:root:Rate: 24000
DEBUG:root:
DEBUG:root:Name: nb-NO-Standard-D
DEBUG:root:Language(s): ['nb-NO']
DEBUG:root:Gender: MALE
DEBUG:root:Rate: 24000
DEBUG:root:
DEBUG:root:Name: nb-NO-Standard-E
DEBUG:root:Language(s): ['nb-NO']
DEBUG:root:Gender: FEMALE
DEBUG:root:Rate: 24000
DEBUG:root:
DEBUG:root:Name: pl-PL-Standard-A
DEBUG:root:Language(s): ['pl-PL']
DEBUG:root:Gender: FEMALE
DEBUG:root:Rate: 24000
DEBUG:root:
DEBUG:root:Name: pl-PL-Standard-B
DEBUG:root:Language(s): ['pl-PL']
DEBUG:root:Gender: MALE
DEBUG:root:Rate: 24000
DEBUG:root:
DEBUG:root:Name: pl-PL-Standard-C
DEBUG:root:Language(s): ['pl-PL']
DEBUG:root:Gender: MALE
DEBUG:root:Rate: 24000
DEBUG:root:
DEBUG:root:Name: pl-PL-Standard-D
DEBUG:root:Language(s): ['pl-PL']
DEBUG:root:Gender: FEMALE
DEBUG:root:Rate: 24000
DEBUG:root:
DEBUG:root:Name: pl-PL-Standard-E
DEBUG:root:Language(s): ['pl-PL']
DEBUG:root:Gender: FEMALE
DEBUG:root:Rate: 24000
DEBUG:root:
DEBUG:root:Name: pt-BR-Standard-A
DEBUG:root:Language(s): ['pt-BR']
DEBUG:root:Gender: FEMALE
DEBUG:root:Rate: 24000
DEBUG:root:
DEBUG:root:Name: pt-BR-Standard-B
DEBUG:root:Language(s): ['pt-BR']
DEBUG:root:Gender: MALE
DEBUG:root:Rate: 24000
DEBUG:root:
DEBUG:root:Name: pt-BR-Standard-C
DEBUG:root:Language(s): ['pt-BR']
DEBUG:root:Gender: FEMALE
DEBUG:root:Rate: 24000
DEBUG:root:
DEBUG:root:Name: pt-PT-Standard-A
DEBUG:root:Language(s): ['pt-PT']
DEBUG:root:Gender: FEMALE
DEBUG:root:Rate: 24000
DEBUG:root:
DEBUG:root:Name: pt-PT-Standard-B
DEBUG:root:Language(s): ['pt-PT']
DEBUG:root:Gender: MALE
DEBUG:root:Rate: 24000
DEBUG:root:
DEBUG:root:Name: pt-PT-Standard-C
DEBUG:root:Language(s): ['pt-PT']
DEBUG:root:Gender: MALE
DEBUG:root:Rate: 24000
DEBUG:root:
DEBUG:root:Name: pt-PT-Standard-D
DEBUG:root:Language(s): ['pt-PT']
DEBUG:root:Gender: FEMALE
DEBUG:root:Rate: 24000
DEBUG:root:
DEBUG:root:Name: ro-RO-Standard-A
DEBUG:root:Language(s): ['ro-RO']
DEBUG:root:Gender: FEMALE
DEBUG:root:Rate: 24000
DEBUG:root:
DEBUG:root:Name: ru-RU-Standard-A
DEBUG:root:Language(s): ['ru-RU']
DEBUG:root:Gender: FEMALE
DEBUG:root:Rate: 24000
DEBUG:root:
DEBUG:root:Name: ru-RU-Standard-B
DEBUG:root:Language(s): ['ru-RU']
DEBUG:root:Gender: MALE
DEBUG:root:Rate: 24000
DEBUG:root:
DEBUG:root:Name: ru-RU-Standard-C
DEBUG:root:Language(s): ['ru-RU']
DEBUG:root:Gender: FEMALE
DEBUG:root:Rate: 24000
DEBUG:root:
DEBUG:root:Name: ru-RU-Standard-D
DEBUG:root:Language(s): ['ru-RU']
DEBUG:root:Gender: MALE
DEBUG:root:Rate: 24000
DEBUG:root:
DEBUG:root:Name: ru-RU-Standard-E
DEBUG:root:Language(s): ['ru-RU']
DEBUG:root:Gender: FEMALE
DEBUG:root:Rate: 24000
DEBUG:root:
DEBUG:root:Name: sr-RS-Standard-A
DEBUG:root:Language(s): ['sr-RS']
DEBUG:root:Gender: FEMALE
DEBUG:root:Rate: 24000
DEBUG:root:
DEBUG:root:Name: sk-SK-Standard-A
DEBUG:root:Language(s): ['sk-SK']
DEBUG:root:Gender: FEMALE
DEBUG:root:Rate: 24000
DEBUG:root:
DEBUG:root:Name: es-ES-Standard-A
DEBUG:root:Language(s): ['es-ES']
DEBUG:root:Gender: FEMALE
DEBUG:root:Rate: 24000
DEBUG:root:
DEBUG:root:Name: es-ES-Standard-B
DEBUG:root:Language(s): ['es-ES']
DEBUG:root:Gender: MALE
DEBUG:root:Rate: 24000
DEBUG:root:
DEBUG:root:Name: es-ES-Standard-D
DEBUG:root:Language(s): ['es-ES']
DEBUG:root:Gender: FEMALE
DEBUG:root:Rate: 24000
DEBUG:root:
DEBUG:root:Name: th-TH-Standard-A
DEBUG:root:Language(s): ['th-TH']
DEBUG:root:Gender: FEMALE
DEBUG:root:Rate: 24000
DEBUG:root:
DEBUG:root:Name: tr-TR-Standard-A
DEBUG:root:Language(s): ['tr-TR']
DEBUG:root:Gender: FEMALE
DEBUG:root:Rate: 24000
DEBUG:root:
DEBUG:root:Name: tr-TR-Standard-B
DEBUG:root:Language(s): ['tr-TR']
DEBUG:root:Gender: MALE
DEBUG:root:Rate: 24000
DEBUG:root:
DEBUG:root:Name: tr-TR-Standard-C
DEBUG:root:Language(s): ['tr-TR']
DEBUG:root:Gender: FEMALE
DEBUG:root:Rate: 24000
DEBUG:root:
DEBUG:root:Name: tr-TR-Standard-D
DEBUG:root:Language(s): ['tr-TR']
DEBUG:root:Gender: FEMALE
DEBUG:root:Rate: 24000
DEBUG:root:
DEBUG:root:Name: tr-TR-Standard-E
DEBUG:root:Language(s): ['tr-TR']
DEBUG:root:Gender: MALE
DEBUG:root:Rate: 24000
DEBUG:root:
DEBUG:root:Name: uk-UA-Standard-A
DEBUG:root:Language(s): ['uk-UA']
DEBUG:root:Gender: FEMALE
DEBUG:root:Rate: 24000
DEBUG:root:
DEBUG:root:Name: vi-VN-Standard-A
DEBUG:root:Language(s): ['vi-VN']
DEBUG:root:Gender: FEMALE
DEBUG:root:Rate: 24000
DEBUG:root:
DEBUG:root:Name: vi-VN-Standard-B
DEBUG:root:Language(s): ['vi-VN']
DEBUG:root:Gender: MALE
DEBUG:root:Rate: 24000
DEBUG:root:
DEBUG:root:Name: vi-VN-Standard-C
DEBUG:root:Language(s): ['vi-VN']
DEBUG:root:Gender: FEMALE
DEBUG:root:Rate: 24000
DEBUG:root:
DEBUG:root:Name: vi-VN-Standard-D
DEBUG:root:Language(s): ['vi-VN']
DEBUG:root:Gender: MALE
DEBUG:root:Rate: 24000
DEBUG:root:
DEBUG:root:Name: es-US-Standard-A
DEBUG:root:Language(s): ['es-US']
DEBUG:root:Gender: FEMALE
DEBUG:root:Rate: 24000
DEBUG:root:
DEBUG:root:Name: es-US-Standard-B
DEBUG:root:Language(s): ['es-US']
DEBUG:root:Gender: MALE
DEBUG:root:Rate: 24000
DEBUG:root:
DEBUG:root:Name: es-US-Standard-C
DEBUG:root:Language(s): ['es-US']
DEBUG:root:Gender: MALE
DEBUG:root:Rate: 24000
DEBUG:root:
DEBUG:root:Name: eu-ES-Standard-A
DEBUG:root:Language(s): ['eu-ES']
DEBUG:root:Gender: FEMALE
DEBUG:root:Rate: 24000
DEBUG:root:
DEBUG:root:Name: gl-ES-Standard-A
DEBUG:root:Language(s): ['gl-ES']
DEBUG:root:Gender: SSML_VOICE_GENDER_UNSPECIFIED
DEBUG:root:Rate: 24000
DEBUG:root:
DEBUG:root:Name: nl-BE-Standard-A
DEBUG:root:Language(s): ['nl-BE']
DEBUG:root:Gender: FEMALE
DEBUG:root:Rate: 24000
DEBUG:root:
DEBUG:root:Name: nl-BE-Standard-B
DEBUG:root:Language(s): ['nl-BE']
DEBUG:root:Gender: MALE
DEBUG:root:Rate: 24000
DEBUG:root:
DEBUG:root:Name: pa-IN-Standard-A
DEBUG:root:Language(s): ['pa-IN']
DEBUG:root:Gender: FEMALE
DEBUG:root:Rate: 24000
DEBUG:root:
DEBUG:root:Name: pa-IN-Standard-B
DEBUG:root:Language(s): ['pa-IN']
DEBUG:root:Gender: MALE
DEBUG:root:Rate: 24000
DEBUG:root:
DEBUG:root:Name: pa-IN-Standard-C
DEBUG:root:Language(s): ['pa-IN']
DEBUG:root:Gender: FEMALE
DEBUG:root:Rate: 24000
DEBUG:root:
DEBUG:root:Name: pa-IN-Standard-D
DEBUG:root:Language(s): ['pa-IN']
DEBUG:root:Gender: MALE
DEBUG:root:Rate: 24000
DEBUG:root:
DEBUG:root:Name: sv-SE-Standard-A
DEBUG:root:Language(s): ['sv-SE']
DEBUG:root:Gender: FEMALE
DEBUG:root:Rate: 24000
DEBUG:root:
DEBUG:root:Name: sv-SE-Standard-B
DEBUG:root:Language(s): ['sv-SE']
DEBUG:root:Gender: FEMALE
DEBUG:root:Rate: 24000
DEBUG:root:
DEBUG:root:Name: sv-SE-Standard-C
DEBUG:root:Language(s): ['sv-SE']
DEBUG:root:Gender: FEMALE
DEBUG:root:Rate: 24000
DEBUG:root:
DEBUG:root:Name: sv-SE-Standard-D
DEBUG:root:Language(s): ['sv-SE']
DEBUG:root:Gender: MALE
DEBUG:root:Rate: 24000
DEBUG:root:
DEBUG:root:Name: sv-SE-Standard-E
DEBUG:root:Language(s): ['sv-SE']
DEBUG:root:Gender: MALE
DEBUG:root:Rate: 24000
DEBUG:root:
DEBUG:root:Name: ta-IN-Standard-C
DEBUG:root:Language(s): ['ta-IN']
DEBUG:root:Gender: FEMALE
DEBUG:root:Rate: 24000
DEBUG:root:
DEBUG:root:Name: ta-IN-Standard-D
DEBUG:root:Language(s): ['ta-IN']
DEBUG:root:Gender: MALE
DEBUG:root:Rate: 24000
DEBUG:root:
DEBUG:root:Name: yue-HK-Standard-A
DEBUG:root:Language(s): ['yue-HK']
DEBUG:root:Gender: FEMALE
DEBUG:root:Rate: 24000
DEBUG:root:
DEBUG:root:Name: yue-HK-Standard-B
DEBUG:root:Language(s): ['yue-HK']
DEBUG:root:Gender: MALE
DEBUG:root:Rate: 24000
DEBUG:root:
DEBUG:root:Name: yue-HK-Standard-C
DEBUG:root:Language(s): ['yue-HK']
DEBUG:root:Gender: FEMALE
DEBUG:root:Rate: 24000
DEBUG:root:
DEBUG:root:Name: yue-HK-Standard-D
DEBUG:root:Language(s): ['yue-HK']
DEBUG:root:Gender: MALE
DEBUG:root:Rate: 24000
DEBUG:root:
DEBUG:root:Name: bn-IN-Standard-A
DEBUG:root:Language(s): ['bn-IN']
DEBUG:root:Gender: FEMALE
DEBUG:root:Rate: 24000
DEBUG:root:
DEBUG:root:Name: bn-IN-Standard-B
DEBUG:root:Language(s): ['bn-IN']
DEBUG:root:Gender: MALE
DEBUG:root:Rate: 24000
DEBUG:root:
DEBUG:root:Name: cmn-CN-Standard-A
DEBUG:root:Language(s): ['cmn-CN']
DEBUG:root:Gender: SSML_VOICE_GENDER_UNSPECIFIED
DEBUG:root:Rate: 24000
DEBUG:root:
DEBUG:root:Name: cmn-CN-Standard-B
DEBUG:root:Language(s): ['cmn-CN']
DEBUG:root:Gender: MALE
DEBUG:root:Rate: 24000
DEBUG:root:
DEBUG:root:Name: cmn-CN-Standard-C
DEBUG:root:Language(s): ['cmn-CN']
DEBUG:root:Gender: MALE
DEBUG:root:Rate: 24000
DEBUG:root:
DEBUG:root:Name: cmn-CN-Standard-D
DEBUG:root:Language(s): ['cmn-CN']
DEBUG:root:Gender: FEMALE
DEBUG:root:Rate: 24000
DEBUG:root:
DEBUG:root:Name: cmn-TW-Standard-A
DEBUG:root:Language(s): ['cmn-TW']
DEBUG:root:Gender: FEMALE
DEBUG:root:Rate: 24000
DEBUG:root:
DEBUG:root:Name: cmn-TW-Standard-B
DEBUG:root:Language(s): ['cmn-TW']
DEBUG:root:Gender: MALE
DEBUG:root:Rate: 24000
DEBUG:root:
DEBUG:root:Name: cmn-TW-Standard-C
DEBUG:root:Language(s): ['cmn-TW']
DEBUG:root:Gender: MALE
DEBUG:root:Rate: 24000
DEBUG:root:
DEBUG:root:Name: gu-IN-Standard-A
DEBUG:root:Language(s): ['gu-IN']
DEBUG:root:Gender: FEMALE
DEBUG:root:Rate: 24000
DEBUG:root:
DEBUG:root:Name: gu-IN-Standard-B
DEBUG:root:Language(s): ['gu-IN']
DEBUG:root:Gender: MALE
DEBUG:root:Rate: 24000
DEBUG:root:
DEBUG:root:Name: ja-JP-Standard-A
DEBUG:root:Language(s): ['ja-JP']
DEBUG:root:Gender: FEMALE
DEBUG:root:Rate: 24000
DEBUG:root:
DEBUG:root:Name: ja-JP-Standard-B
DEBUG:root:Language(s): ['ja-JP']
DEBUG:root:Gender: FEMALE
DEBUG:root:Rate: 24000
DEBUG:root:
DEBUG:root:Name: ja-JP-Standard-C
DEBUG:root:Language(s): ['ja-JP']
DEBUG:root:Gender: MALE
DEBUG:root:Rate: 24000
DEBUG:root:
DEBUG:root:Name: ja-JP-Standard-D
DEBUG:root:Language(s): ['ja-JP']
DEBUG:root:Gender: MALE
DEBUG:root:Rate: 24000
DEBUG:root:
DEBUG:root:Name: kn-IN-Standard-A
DEBUG:root:Language(s): ['kn-IN']
DEBUG:root:Gender: FEMALE
DEBUG:root:Rate: 24000
DEBUG:root:
DEBUG:root:Name: kn-IN-Standard-B
DEBUG:root:Language(s): ['kn-IN']
DEBUG:root:Gender: MALE
DEBUG:root:Rate: 24000
DEBUG:root:
DEBUG:root:Name: ml-IN-Standard-A
DEBUG:root:Language(s): ['ml-IN']
DEBUG:root:Gender: FEMALE
DEBUG:root:Rate: 24000
DEBUG:root:
DEBUG:root:Name: ml-IN-Standard-B
DEBUG:root:Language(s): ['ml-IN']
DEBUG:root:Gender: MALE
DEBUG:root:Rate: 24000
DEBUG:root:
DEBUG:root:Name: mr-IN-Standard-A
DEBUG:root:Language(s): ['mr-IN']
DEBUG:root:Gender: FEMALE
DEBUG:root:Rate: 24000
DEBUG:root:
DEBUG:root:Name: mr-IN-Standard-B
DEBUG:root:Language(s): ['mr-IN']
DEBUG:root:Gender: MALE
DEBUG:root:Rate: 24000
DEBUG:root:
DEBUG:root:Name: mr-IN-Standard-C
DEBUG:root:Language(s): ['mr-IN']
DEBUG:root:Gender: FEMALE
DEBUG:root:Rate: 24000
DEBUG:root:
DEBUG:root:Name: ta-IN-Standard-A
DEBUG:root:Language(s): ['ta-IN']
DEBUG:root:Gender: FEMALE
DEBUG:root:Rate: 24000
DEBUG:root:
DEBUG:root:Name: ta-IN-Standard-B
DEBUG:root:Language(s): ['ta-IN']
DEBUG:root:Gender: MALE
DEBUG:root:Rate: 24000
DEBUG:root:
DEBUG:root:Name: te-IN-Standard-A
DEBUG:root:Language(s): ['te-IN']
DEBUG:root:Gender: FEMALE
DEBUG:root:Rate: 24000
DEBUG:root:
DEBUG:root:Name: te-IN-Standard-B
DEBUG:root:Language(s): ['te-IN']
DEBUG:root:Gender: MALE
DEBUG:root:Rate: 24000
DEBUG:root:
